\BOOKMARK [1][-]{section.1}{\376\377\000I\000n\000t\000r\000o\000d\000u\000c\000t\000i\000o\000n}{}% 1
\BOOKMARK [1][-]{section.2}{\376\377\000I\000n\000f\000r\000a\000s\000t\000r\000u\000c\000t\000u\000r\000e}{}% 2
\BOOKMARK [2][-]{subsection.2.1}{\376\377\000M\000i\000s\000e\000\040\000e\000n\000\040\000s\000i\000t\000u\000a\000t\000i\000o\000n}{section.2}% 3
\BOOKMARK [1][-]{section.3}{\376\377\000O\000r\000g\000a\000n\000i\000s\000a\000t\000i\000o\000n}{}% 4
\BOOKMARK [2][-]{subsection.3.1}{\376\377\000N\000o\000t\000i\000o\000n}{section.3}% 5
\BOOKMARK [3][-]{subsubsection.3.1.1}{\376\377\000C\000a\000l\000e\000n\000d\000r\000i\000e\000r}{subsection.3.1}% 6
\BOOKMARK [3][-]{subsubsection.3.1.2}{\376\377\000L\000i\000s\000t\000e\000\040\000d\000e\000s\000\040\000t\000\342\000c\000h\000e\000s}{subsection.3.1}% 7
\BOOKMARK [3][-]{subsubsection.3.1.3}{\376\377\000D\000e\000s\000c\000r\000i\000p\000t\000i\000o\000n\000\040\000d\000e\000s\000\040\000t\000\342\000c\000h\000e\000s}{subsection.3.1}% 8
\BOOKMARK [1][-]{section.4}{\376\377\000T\000o\000p\000o\000l\000o\000g\000i\000e\000\040\000R\000\351\000s\000e\000a\000u}{}% 9
\BOOKMARK [2][-]{subsection.4.1}{\376\377\000R\000u\000c\000h\000e\000r}{section.4}% 10
\BOOKMARK [2][-]{subsection.4.2}{\376\377\000S\000e\000r\000v\000e\000u\000r}{section.4}% 11
\BOOKMARK [2][-]{subsection.4.3}{\376\377\000M\000i\000c\000r\000o\000c\000o\000n\000t\000r\000o\000l\000e\000u\000r}{section.4}% 12
\BOOKMARK [1][-]{section.5}{\376\377\000E\000l\000\351\000c\000t\000r\000o\000n\000i\000q\000u\000e}{}% 13
\BOOKMARK [2][-]{subsection.5.1}{\376\377\000C\000h\000o\000i\000x\000\040\000d\000e\000s\000\040\000c\000o\000m\000p\000o\000s\000a\000n\000t\000s}{section.5}% 14
\BOOKMARK [3][-]{subsubsection.5.1.1}{\376\377\000M\000i\000c\000r\000o\000-\000c\000o\000n\000t\000r\000o\000l\000e\000u\000r}{subsection.5.1}% 15
\BOOKMARK [3][-]{subsubsection.5.1.2}{\376\377\000C\000a\000p\000t\000e\000u\000r\000\040\000d\000e\000\040\000t\000e\000m\000p\000\351\000r\000a\000t\000u\000r\000e\000\040\000e\000t\000\040\000d\000'\000h\000y\000g\000r\000o\000m\000\351\000t\000r\000i\000e\000\040}{subsection.5.1}% 16
\BOOKMARK [3][-]{subsubsection.5.1.3}{\376\377\000C\000a\000p\000t\000e\000u\000r\000\040\000d\000e\000\040\000v\000i\000b\000r\000a\000t\000i\000o\000n}{subsection.5.1}% 17
\BOOKMARK [2][-]{subsection.5.2}{\376\377\000M\000o\000n\000t\000a\000g\000e\000s\000\040\000A\000O\000P}{section.5}% 18
\BOOKMARK [3][-]{subsubsection.5.2.1}{\376\377\000A\000m\000p\000l\000i\000f\000i\000c\000a\000t\000e\000u\000r\000\040\000d\000e\000\040\000m\000e\000s\000u\000r\000e}{subsection.5.2}% 19
\BOOKMARK [3][-]{subsubsection.5.2.2}{\376\377\000M\000o\000n\000t\000a\000g\000e\000\040\000a\000c\000t\000u\000e\000l}{subsection.5.2}% 20
\BOOKMARK [3][-]{subsubsection.5.2.3}{\376\377\000R\000\351\000s\000u\000l\000t\000a\000t}{subsection.5.2}% 21
\BOOKMARK [2][-]{subsection.5.3}{\376\377\000P\000C\000B}{section.5}% 22
\BOOKMARK [1][-]{section.6}{\376\377\000P\000r\000o\000g\000r\000a\000m\000m\000a\000t\000i\000o\000n}{}% 23
\BOOKMARK [2][-]{subsection.6.1}{\376\377\000R\000\351\000s\000e\000a\000u}{section.6}% 24
\BOOKMARK [2][-]{subsection.6.2}{\376\377\000C\000a\000p\000t\000e\000u\000r\000s}{section.6}% 25
\BOOKMARK [1][-]{section.7}{\376\377\000C\000o\000n\000c\000l\000u\000s\000i\000o\000n}{}% 26
