This is pdfTeX, Version 3.141592653-2.6-1.40.24 (TeX Live 2022/Arch Linux) (preloaded format=pdflatex 2022.5.30)  25 JUN 2022 17:05
entering extended mode
 restricted \write18 enabled.
 %&-line parsing enabled.
**rapport_final.tex
(./rapport_final.tex
LaTeX2e <2021-11-15> patch level 1
L3 programming layer <2022-04-10>
(/usr/share/texmf-dist/tex/latex/base/article.cls
Document Class: article 2021/10/04 v1.4n Standard LaTeX document class
(/usr/share/texmf-dist/tex/latex/base/size12.clo
File: size12.clo 2021/10/04 v1.4n Standard LaTeX file (size option)
)
\c@part=\count185
\c@section=\count186
\c@subsection=\count187
\c@subsubsection=\count188
\c@paragraph=\count189
\c@subparagraph=\count190
\c@figure=\count191
\c@table=\count192
\abovecaptionskip=\skip47
\belowcaptionskip=\skip48
\bibindent=\dimen138
)
(/usr/share/texmf-dist/tex/latex/base/inputenc.sty
Package: inputenc 2021/02/14 v1.3d Input encoding file
\inpenc@prehook=\toks16
\inpenc@posthook=\toks17
)
(/usr/share/texmf-dist/tex/generic/babel/babel.sty
Package: babel 2022/02/26 3.73 The Babel package
\babel@savecnt=\count193
\U@D=\dimen139
\l@unhyphenated=\language87

(/usr/share/texmf-dist/tex/generic/babel/txtbabel.def)
\bbl@readstream=\read2
\bbl@dirlevel=\count194

(/usr/share/texmf-dist/tex/generic/babel-french/french.ldf
Language: french 2021/07/20 v3.5m French support from the babel system
Package babel Info: Hyphen rules for 'acadian' set to \l@french
(babel)             (\language29). Reported on input line 91.
Package babel Info: Hyphen rules for 'canadien' set to \l@french
(babel)             (\language29). Reported on input line 92.
\FB@nonchar=\count195
Package babel Info: Making : an active character on input line 430.
Package babel Info: Making ; an active character on input line 431.
Package babel Info: Making ! an active character on input line 432.
Package babel Info: Making ? an active character on input line 433.
\FBguill@level=\count196
\FBold@everypar=\toks18
\FB@Mht=\dimen140
\mc@charclass=\count197
\mc@charfam=\count198
\mc@charslot=\count199
\std@mcc=\count266
\dec@mcc=\count267
\listindentFB=\dimen141
\descindentFB=\dimen142
\labelindentFB=\dimen143
\labelwidthFB=\dimen144
\leftmarginFB=\dimen145
\parindentFFN=\dimen146
\FBfnindent=\dimen147
))
(/usr/share/texmf-dist/tex/latex/carlisle/scalefnt.sty)
(/usr/share/texmf-dist/tex/latex/graphics/keyval.sty
Package: keyval 2014/10/28 v1.15 key=value parser (DPC)
\KV@toks@=\toks19
)
(/usr/share/texmf-dist/tex/latex/base/fontenc.sty
Package: fontenc 2021/04/29 v2.0v Standard LaTeX package
)
(/usr/share/texmf-dist/tex/latex/fancyhdr/fancyhdr.sty
Package: fancyhdr 2021/01/28 v4.0.1 Extensive control of page headers and foote
rs
\f@nch@headwidth=\skip49
\f@nch@O@elh=\skip50
\f@nch@O@erh=\skip51
\f@nch@O@olh=\skip52
\f@nch@O@orh=\skip53
\f@nch@O@elf=\skip54
\f@nch@O@erf=\skip55
\f@nch@O@olf=\skip56
\f@nch@O@orf=\skip57
)
(/usr/share/texmf-dist/tex/latex/lastpage/lastpage.sty
Package: lastpage 2021/09/03 v1.2n Refers to last page's name (HMM; JPG)
)
(/usr/share/texmf-dist/tex/latex/fancybox/fancybox.sty
Package: fancybox 2010/05/15 1.4

Style option: `fancybox' v1.4 <2010/05/15> (tvz)
\@fancybox=\box50
\shadowsize=\dimen148
\@Sbox=\box51
\do@VerbBox=\toks20
\the@fancyput=\toks21
\this@fancyput=\toks22
\EndVerbatimTokens=\toks23
\Verbatim@Outfile=\write3
\Verbatim@Infile=\read3
) (/usr/share/texmf-dist/tex/latex/graphics/graphicx.sty
Package: graphicx 2021/09/16 v1.2d Enhanced LaTeX Graphics (DPC,SPQR)

(/usr/share/texmf-dist/tex/latex/graphics/graphics.sty
Package: graphics 2021/03/04 v1.4d Standard LaTeX Graphics (DPC,SPQR)

(/usr/share/texmf-dist/tex/latex/graphics/trig.sty
Package: trig 2021/08/11 v1.11 sin cos tan (DPC)
)
(/usr/share/texmf-dist/tex/latex/graphics-cfg/graphics.cfg
File: graphics.cfg 2016/06/04 v1.11 sample graphics configuration
)
Package graphics Info: Driver file: pdftex.def on input line 107.

(/usr/share/texmf-dist/tex/latex/graphics-def/pdftex.def
File: pdftex.def 2020/10/05 v1.2a Graphics/color driver for pdftex
))
\Gin@req@height=\dimen149
\Gin@req@width=\dimen150
)
(/usr/share/texmf-dist/tex/latex/appendix/appendix.sty
Package: appendix 2020/02/08 v1.2c extra appendix facilities
\c@@pps=\count268
\c@@ppsavesec=\count269
\c@@ppsaveapp=\count270
)
(/usr/share/texmf-dist/tex/latex/geometry/geometry.sty
Package: geometry 2020/01/02 v5.9 Page Geometry

(/usr/share/texmf-dist/tex/generic/iftex/ifvtex.sty
Package: ifvtex 2019/10/25 v1.7 ifvtex legacy package. Use iftex instead.

(/usr/share/texmf-dist/tex/generic/iftex/iftex.sty
Package: iftex 2022/02/03 v1.0f TeX engine tests
))
\Gm@cnth=\count271
\Gm@cntv=\count272
\c@Gm@tempcnt=\count273
\Gm@bindingoffset=\dimen151
\Gm@wd@mp=\dimen152
\Gm@odd@mp=\dimen153
\Gm@even@mp=\dimen154
\Gm@layoutwidth=\dimen155
\Gm@layoutheight=\dimen156
\Gm@layouthoffset=\dimen157
\Gm@layoutvoffset=\dimen158
\Gm@dimlist=\toks24
)
(/usr/share/texmf-dist/tex/latex/listings/listings.sty
\lst@mode=\count274
\lst@gtempboxa=\box52
\lst@token=\toks25
\lst@length=\count275
\lst@currlwidth=\dimen159
\lst@column=\count276
\lst@pos=\count277
\lst@lostspace=\dimen160
\lst@width=\dimen161
\lst@newlines=\count278
\lst@lineno=\count279
\lst@maxwidth=\dimen162

(/usr/share/texmf-dist/tex/latex/listings/lstmisc.sty
File: lstmisc.sty 2020/03/24 1.8d (Carsten Heinz)
\c@lstnumber=\count280
\lst@skipnumbers=\count281
\lst@framebox=\box53
)
(/usr/share/texmf-dist/tex/latex/listings/listings.cfg
File: listings.cfg 2020/03/24 1.8d listings configuration
))
Package: listings 2020/03/24 1.8d (Carsten Heinz)

(/usr/share/texmf-dist/tex/latex/graphics/color.sty
Package: color 2021/12/07 v1.3c Standard LaTeX Color (DPC)

(/usr/share/texmf-dist/tex/latex/graphics-cfg/color.cfg
File: color.cfg 2016/01/02 v1.6 sample color configuration
)
Package color Info: Driver file: pdftex.def on input line 149.
)
(/usr/share/texmf-dist/tex/latex/xcolor/xcolor.sty
Package: xcolor 2021/10/31 v2.13 LaTeX color extensions (UK)

(/usr/share/texmf-dist/tex/latex/graphics-cfg/color.cfg
File: color.cfg 2016/01/02 v1.6 sample color configuration
)
Package xcolor Info: Driver file: pdftex.def on input line 227.

(/usr/share/texmf-dist/tex/latex/colortbl/colortbl.sty
Package: colortbl 2020/01/04 v1.0e Color table columns (DPC)

(/usr/share/texmf-dist/tex/latex/tools/array.sty
Package: array 2021/10/04 v2.5f Tabular extension package (FMi)
\col@sep=\dimen163
\ar@mcellbox=\box54
\extrarowheight=\dimen164
\NC@list=\toks26
\extratabsurround=\skip58
\backup@length=\skip59
\ar@cellbox=\box55
)
\everycr=\toks27
\minrowclearance=\skip60
)
LaTeX Info: Redefining \color on input line 711.
\rownum=\count282
Package xcolor Info: Model `cmy' substituted by `cmy0' on input line 1352.
Package xcolor Info: Model `hsb' substituted by `rgb' on input line 1356.
Package xcolor Info: Model `RGB' extended on input line 1368.
Package xcolor Info: Model `HTML' substituted by `rgb' on input line 1370.
Package xcolor Info: Model `Hsb' substituted by `hsb' on input line 1371.
Package xcolor Info: Model `tHsb' substituted by `hsb' on input line 1372.
Package xcolor Info: Model `HSB' substituted by `hsb' on input line 1373.
Package xcolor Info: Model `Gray' substituted by `gray' on input line 1374.
Package xcolor Info: Model `wave' substituted by `hsb' on input line 1375.
)
(/usr/share/texmf-dist/tex/latex/hyperref/hyperref.sty
Package: hyperref 2022-02-21 v7.00n Hypertext links for LaTeX

(/usr/share/texmf-dist/tex/generic/ltxcmds/ltxcmds.sty
Package: ltxcmds 2020-05-10 v1.25 LaTeX kernel commands for general use (HO)
)
(/usr/share/texmf-dist/tex/generic/pdftexcmds/pdftexcmds.sty
Package: pdftexcmds 2020-06-27 v0.33 Utility functions of pdfTeX for LuaTeX (HO
)

(/usr/share/texmf-dist/tex/generic/infwarerr/infwarerr.sty
Package: infwarerr 2019/12/03 v1.5 Providing info/warning/error messages (HO)
)
Package pdftexcmds Info: \pdf@primitive is available.
Package pdftexcmds Info: \pdf@ifprimitive is available.
Package pdftexcmds Info: \pdfdraftmode found.
)
(/usr/share/texmf-dist/tex/generic/kvsetkeys/kvsetkeys.sty
Package: kvsetkeys 2019/12/15 v1.18 Key value parser (HO)
)
(/usr/share/texmf-dist/tex/generic/kvdefinekeys/kvdefinekeys.sty
Package: kvdefinekeys 2019-12-19 v1.6 Define keys (HO)
)
(/usr/share/texmf-dist/tex/generic/pdfescape/pdfescape.sty
Package: pdfescape 2019/12/09 v1.15 Implements pdfTeX's escape features (HO)
)
(/usr/share/texmf-dist/tex/latex/hycolor/hycolor.sty
Package: hycolor 2020-01-27 v1.10 Color options for hyperref/bookmark (HO)
)
(/usr/share/texmf-dist/tex/latex/letltxmacro/letltxmacro.sty
Package: letltxmacro 2019/12/03 v1.6 Let assignment for LaTeX macros (HO)
)
(/usr/share/texmf-dist/tex/latex/auxhook/auxhook.sty
Package: auxhook 2019-12-17 v1.6 Hooks for auxiliary files (HO)
)
(/usr/share/texmf-dist/tex/latex/kvoptions/kvoptions.sty
Package: kvoptions 2020-10-07 v3.14 Key value format for package options (HO)
)
\@linkdim=\dimen165
\Hy@linkcounter=\count283
\Hy@pagecounter=\count284

(/usr/share/texmf-dist/tex/latex/hyperref/pd1enc.def
File: pd1enc.def 2022-02-21 v7.00n Hyperref: PDFDocEncoding definition (HO)
Now handling font encoding PD1 ...
... no UTF-8 mapping file for font encoding PD1
)
(/usr/share/texmf-dist/tex/generic/intcalc/intcalc.sty
Package: intcalc 2019/12/15 v1.3 Expandable calculations with integers (HO)
)
(/usr/share/texmf-dist/tex/generic/etexcmds/etexcmds.sty
Package: etexcmds 2019/12/15 v1.7 Avoid name clashes with e-TeX commands (HO)
)
\Hy@SavedSpaceFactor=\count285

(/usr/share/texmf-dist/tex/latex/hyperref/puenc.def
File: puenc.def 2022-02-21 v7.00n Hyperref: PDF Unicode definition (HO)
Now handling font encoding PU ...
... no UTF-8 mapping file for font encoding PU
)
Package hyperref Info: Hyper figures OFF on input line 4137.
Package hyperref Info: Link nesting OFF on input line 4142.
Package hyperref Info: Hyper index ON on input line 4145.
Package hyperref Info: Plain pages OFF on input line 4152.
Package hyperref Info: Backreferencing OFF on input line 4157.
Package hyperref Info: Implicit mode ON; LaTeX internals redefined.
Package hyperref Info: Bookmarks ON on input line 4390.
\c@Hy@tempcnt=\count286

(/usr/share/texmf-dist/tex/latex/url/url.sty
\Urlmuskip=\muskip16
Package: url 2013/09/16  ver 3.4  Verb mode for urls, etc.
)
LaTeX Info: Redefining \url on input line 4749.
\XeTeXLinkMargin=\dimen166

(/usr/share/texmf-dist/tex/generic/bitset/bitset.sty
Package: bitset 2019/12/09 v1.3 Handle bit-vector datatype (HO)

(/usr/share/texmf-dist/tex/generic/bigintcalc/bigintcalc.sty
Package: bigintcalc 2019/12/15 v1.5 Expandable calculations on big integers (HO
)
))
\Fld@menulength=\count287
\Field@Width=\dimen167
\Fld@charsize=\dimen168
Package hyperref Info: Hyper figures OFF on input line 6027.
Package hyperref Info: Link nesting OFF on input line 6032.
Package hyperref Info: Hyper index ON on input line 6035.
Package hyperref Info: backreferencing OFF on input line 6042.
Package hyperref Info: Link coloring OFF on input line 6047.
Package hyperref Info: Link coloring with OCG OFF on input line 6052.
Package hyperref Info: PDF/A mode OFF on input line 6057.
LaTeX Info: Redefining \ref on input line 6097.
LaTeX Info: Redefining \pageref on input line 6101.

(/usr/share/texmf-dist/tex/latex/base/atbegshi-ltx.sty
Package: atbegshi-ltx 2021/01/10 v1.0c Emulation of the original atbegshi
package with kernel methods
)
\Hy@abspage=\count288
\c@Item=\count289
\c@Hfootnote=\count290
)
Package hyperref Info: Driver (autodetected): hpdftex.

(/usr/share/texmf-dist/tex/latex/hyperref/hpdftex.def
File: hpdftex.def 2022-02-21 v7.00n Hyperref driver for pdfTeX

(/usr/share/texmf-dist/tex/latex/base/atveryend-ltx.sty
Package: atveryend-ltx 2020/08/19 v1.0a Emulation of the original atveryend pac
kage
with kernel methods
)
\Fld@listcount=\count291
\c@bookmark@seq@number=\count292

(/usr/share/texmf-dist/tex/latex/rerunfilecheck/rerunfilecheck.sty
Package: rerunfilecheck 2019/12/05 v1.9 Rerun checks for auxiliary files (HO)

(/usr/share/texmf-dist/tex/generic/uniquecounter/uniquecounter.sty
Package: uniquecounter 2019/12/15 v1.4 Provide unlimited unique counter (HO)
)
Package uniquecounter Info: New unique counter `rerunfilecheck' on input line 2
86.
)
\Hy@SectionHShift=\skip61
)
(/usr/share/texmf-dist/tex/latex/caption/caption.sty
Package: caption 2022/03/01 v3.6b Customizing captions (AR)

(/usr/share/texmf-dist/tex/latex/caption/caption3.sty
Package: caption3 2022/03/17 v2.3b caption3 kernel (AR)
\caption@tempdima=\dimen169
\captionmargin=\dimen170
\caption@leftmargin=\dimen171
\caption@rightmargin=\dimen172
\caption@width=\dimen173
\caption@indent=\dimen174
\caption@parindent=\dimen175
\caption@hangindent=\dimen176
Package caption Info: Standard document class detected.
Package caption Info: french babel package is loaded.
)
\c@caption@flags=\count293
\c@continuedfloat=\count294
Package caption Info: hyperref package is loaded.
Package caption Info: listings package is loaded.
)
(/usr/share/texmf-dist/tex/latex/listings/lstlang1.sty
File: lstlang1.sty 2020/03/24 1.8d listings language file
)
(/usr/share/texmf-dist/tex/latex/listings/lstmisc.sty
File: lstmisc.sty 2020/03/24 1.8d (Carsten Heinz)
)
(/usr/share/texmf-dist/tex/latex/l3backend/l3backend-pdftex.def
File: l3backend-pdftex.def 2022-04-14 L3 backend support: PDF output (pdfTeX)
\l__color_backend_stack_int=\count295
\l__pdf_internal_box=\box56
)
(./rapport_final.aux

LaTeX Warning: Label `M' multiply defined.

)
\openout1 = `rapport_final.aux'.

LaTeX Font Info:    Checking defaults for OML/cmm/m/it on input line 132.
LaTeX Font Info:    ... okay on input line 132.
LaTeX Font Info:    Checking defaults for OMS/cmsy/m/n on input line 132.
LaTeX Font Info:    ... okay on input line 132.
LaTeX Font Info:    Checking defaults for OT1/cmr/m/n on input line 132.
LaTeX Font Info:    ... okay on input line 132.
LaTeX Font Info:    Checking defaults for T1/cmr/m/n on input line 132.
LaTeX Font Info:    ... okay on input line 132.
LaTeX Font Info:    Checking defaults for TS1/cmr/m/n on input line 132.
LaTeX Font Info:    ... okay on input line 132.
LaTeX Font Info:    Checking defaults for OMX/cmex/m/n on input line 132.
LaTeX Font Info:    ... okay on input line 132.
LaTeX Font Info:    Checking defaults for U/cmr/m/n on input line 132.
LaTeX Font Info:    ... okay on input line 132.
LaTeX Font Info:    Checking defaults for PD1/pdf/m/n on input line 132.
LaTeX Font Info:    ... okay on input line 132.
LaTeX Font Info:    Checking defaults for PU/pdf/m/n on input line 132.
LaTeX Font Info:    ... okay on input line 132.
LaTeX Info: Redefining \degres on input line 132.
LaTeX Info: Redefining \up on input line 132.
Package lastpage Info: Please have a look at the pageslts package at
(lastpage)             https://www.ctan.org/pkg/pageslts
(lastpage)             ! on input line 132.
 (/usr/share/texmf-dist/tex/context/base/mkii/supp-pdf.mkii
[Loading MPS to PDF converter (version 2006.09.02).]
\scratchcounter=\count296
\scratchdimen=\dimen177
\scratchbox=\box57
\nofMPsegments=\count297
\nofMParguments=\count298
\everyMPshowfont=\toks28
\MPscratchCnt=\count299
\MPscratchDim=\dimen178
\MPnumerator=\count300
\makeMPintoPDFobject=\count301
\everyMPtoPDFconversion=\toks29
) (/usr/share/texmf-dist/tex/latex/epstopdf-pkg/epstopdf-base.sty
Package: epstopdf-base 2020-01-24 v2.11 Base part for package epstopdf
Package epstopdf-base Info: Redefining graphics rule for `.eps' on input line 4
85.

(/usr/share/texmf-dist/tex/latex/latexconfig/epstopdf-sys.cfg
File: epstopdf-sys.cfg 2010/07/13 v1.3 Configuration of (r)epstopdf for TeX Liv
e
))
*geometry* driver: auto-detecting
*geometry* detected driver: pdftex
*geometry* verbose mode - [ preamble ] result:
* driver: pdftex
* paper: a4paper
* layout: <same size as paper>
* layoutoffset:(h,v)=(0.0pt,0.0pt)
* modes: 
* h-part:(L,W,R)=(85.35826pt, 483.69687pt, 28.45274pt)
* v-part:(T,H,B)=(85.35826pt, 702.78308pt, 56.9055pt)
* \paperwidth=597.50787pt
* \paperheight=845.04684pt
* \textwidth=483.69687pt
* \textheight=702.78308pt
* \oddsidemargin=13.08827pt
* \evensidemargin=13.08827pt
* \topmargin=-23.91173pt
* \headheight=12.0pt
* \headsep=25.0pt
* \topskip=12.0pt
* \footskip=30.0pt
* \marginparwidth=35.0pt
* \marginparsep=10.0pt
* \columnsep=10.0pt
* \skip\footins=10.8pt plus 4.0pt minus 2.0pt
* \hoffset=0.0pt
* \voffset=0.0pt
* \mag=1000
* \@twocolumnfalse
* \@twosidefalse
* \@mparswitchfalse
* \@reversemarginfalse
* (1in=72.27pt=25.4mm, 1cm=28.453pt)

\c@lstlisting=\count302
Package hyperref Info: Link coloring OFF on input line 132.
(/usr/share/texmf-dist/tex/latex/hyperref/nameref.sty
Package: nameref 2021-04-02 v2.47 Cross-referencing by name of section

(/usr/share/texmf-dist/tex/latex/refcount/refcount.sty
Package: refcount 2019/12/15 v3.6 Data extraction from label references (HO)
)
(/usr/share/texmf-dist/tex/generic/gettitlestring/gettitlestring.sty
Package: gettitlestring 2019/12/15 v1.6 Cleanup title references (HO)
)
\c@section@level=\count303
)
LaTeX Info: Redefining \ref on input line 132.
LaTeX Info: Redefining \pageref on input line 132.
LaTeX Info: Redefining \nameref on input line 132.

(./rapport_final.out) (./rapport_final.out)
\@outlinefile=\write4
\openout4 = `rapport_final.out'.

Package caption Info: Begin \AtBeginDocument code.
Package caption Info: End \AtBeginDocument code.
<../../../logo/IUTlogo.png, id=108, 1284.8pt x 642.4pt>
File: ../../../logo/IUTlogo.png Graphic file (type png)
<use ../../../logo/IUTlogo.png>
Package pdftex.def Info: ../../../logo/IUTlogo.png  used on input line 135.
(pdftex.def)             Requested size: 113.81102pt x 56.90189pt.
<../../../logo/UMlogo.png, id=110, 105.2733pt x 107.4414pt>
File: ../../../logo/UMlogo.png Graphic file (type png)
<use ../../../logo/UMlogo.png>
Package pdftex.def Info: ../../../logo/UMlogo.png  used on input line 135.
(pdftex.def)             Requested size: 113.81102pt x 116.16284pt.
<../../../logo/LIRMMlogo.png, id=111, 1097.60063pt x 364.36125pt>
File: ../../../logo/LIRMMlogo.png Graphic file (type png)
<use ../../../logo/LIRMMlogo.png>
Package pdftex.def Info: ../../../logo/LIRMMlogo.png  used on input line 135.
(pdftex.def)             Requested size: 113.81102pt x 37.77814pt.
<../../../logo/IBMMlogo.jpg, id=112, 175.6161pt x 75.4017pt>
File: ../../../logo/IBMMlogo.jpg Graphic file (type jpg)
<use ../../../logo/IBMMlogo.jpg>
Package pdftex.def Info: ../../../logo/IBMMlogo.jpg  used on input line 135.
(pdftex.def)             Requested size: 113.81102pt x 48.8667pt.
LaTeX Font Info:    External font `cmex10' loaded for size
(Font)              <14.4> on input line 135.
LaTeX Font Info:    External font `cmex10' loaded for size
(Font)              <7> on input line 135.
 [1

{/var/lib/texmf/fonts/map/pdftex/updmap/pdftex.map} <../../../logo/IUTlogo.png>
 <../../../logo/UMlogo.png> <../../../logo/LIRMMlogo.png> <../../../logo/IBMMLo
go.jpg>]
<../../../logo/SBLlogo.png, id=125, 393.1488pt x 274.98735pt>
File: ../../../logo/SBLlogo.png Graphic file (type png)
<use ../../../logo/SBLlogo.png>
Package pdftex.def Info: ../../../logo/SBLlogo.png  used on input line 143.
(pdftex.def)             Requested size: 28.45274pt x 19.89725pt.
File: ../../../logo/IUTlogo.png Graphic file (type png)
<use ../../../logo/IUTlogo.png>
Package pdftex.def Info: ../../../logo/IUTlogo.png  used on input line 143.
(pdftex.def)             Requested size: 34.14322pt x 17.06566pt.


Package fancyhdr Warning: \headheight is too small (12.0pt): 
(fancyhdr)                Make it at least 24.24728pt, for example:
(fancyhdr)                \setlength{\headheight}{24.24728pt}.
(fancyhdr)                You might also make \topmargin smaller to compensate:

(fancyhdr)                \addtolength{\topmargin}{-12.24728pt}.

[2 <../../../logo/SBLlogo.png>]
File: ../../../logo/SBLlogo.png Graphic file (type png)
<use ../../../logo/SBLlogo.png>
Package pdftex.def Info: ../../../logo/SBLlogo.png  used on input line 150.
(pdftex.def)             Requested size: 28.45274pt x 19.89725pt.
File: ../../../logo/IUTlogo.png Graphic file (type png)
<use ../../../logo/IUTlogo.png>
Package pdftex.def Info: ../../../logo/IUTlogo.png  used on input line 150.
(pdftex.def)             Requested size: 34.14322pt x 17.06566pt.


Package fancyhdr Warning: \headheight is too small (12.0pt): 
(fancyhdr)                Make it at least 24.24728pt, for example:
(fancyhdr)                \setlength{\headheight}{24.24728pt}.
(fancyhdr)                You might also make \topmargin smaller to compensate:

(fancyhdr)                \addtolength{\topmargin}{-12.24728pt}.

[3] (./rapport_final.toc
LaTeX Font Info:    External font `cmex10' loaded for size
(Font)              <12> on input line 3.
LaTeX Font Info:    External font `cmex10' loaded for size
(Font)              <8> on input line 3.
LaTeX Font Info:    External font `cmex10' loaded for size
(Font)              <6> on input line 3.
)
\tf@toc=\write5
\openout5 = `rapport_final.toc'.

File: ../../../logo/SBLlogo.png Graphic file (type png)
<use ../../../logo/SBLlogo.png>
Package pdftex.def Info: ../../../logo/SBLlogo.png  used on input line 154.
(pdftex.def)             Requested size: 28.45274pt x 19.89725pt.
File: ../../../logo/IUTlogo.png Graphic file (type png)
<use ../../../logo/IUTlogo.png>
Package pdftex.def Info: ../../../logo/IUTlogo.png  used on input line 154.
(pdftex.def)             Requested size: 34.14322pt x 17.06566pt.


Package fancyhdr Warning: \headheight is too small (12.0pt): 
(fancyhdr)                Make it at least 24.24728pt, for example:
(fancyhdr)                \setlength{\headheight}{24.24728pt}.
(fancyhdr)                You might also make \topmargin smaller to compensate:

(fancyhdr)                \addtolength{\topmargin}{-12.24728pt}.

[4]
<../img/interieur_rucher.jpg, id=178, 4175.6pt x 3131.7pt>
File: ../img/interieur_rucher.jpg Graphic file (type jpg)
<use ../img/interieur_rucher.jpg>
Package pdftex.def Info: ../img/interieur_rucher.jpg  used on input line 161.
(pdftex.def)             Requested size: 313.1565pt x 234.86737pt.


Package caption Warning: The option `hypcap=true' will be ignored for this
(caption)                particular \caption on input line 162.
See the caption package documentation for explanation.

<../img/exterieur_rucher.jpg, id=179, 4175.6pt x 3131.7pt>
File: ../img/exterieur_rucher.jpg Graphic file (type jpg)
<use ../img/exterieur_rucher.jpg>
Package pdftex.def Info: ../img/exterieur_rucher.jpg  used on input line 164.
(pdftex.def)             Requested size: 313.1565pt x 234.86737pt.

Package caption Warning: The option `hypcap=true' will be ignored for this
(caption)                particular \caption on input line 165.
See the caption package documentation for explanation.


Underfull \hbox (badness 10000) in paragraph at lines 185--185

 []


Underfull \hbox (badness 10000) in paragraph at lines 185--185

 []


Underfull \hbox (badness 10000) in paragraph at lines 185--185

 []


Overfull \hbox (9.3173pt too wide) in paragraph at lines 169--189
\T1/cmr/m/n/12 rentes mis-sions confiées. Ma mis-sions prin-ci-pale était la su
i-vante : (Ex-trait de "su-jets_stage_tom"
 []


Underfull \hbox (badness 10000) in paragraph at lines 169--189

 []


Overfull \hbox (14.63138pt too wide) in paragraph at lines 169--189
[] 
 []


Underfull \hbox (badness 10000) in paragraph at lines 169--189

 []

File: ../../../logo/SBLlogo.png Graphic file (type png)
<use ../../../logo/SBLlogo.png>
Package pdftex.def Info: ../../../logo/SBLlogo.png  used on input line 189.
(pdftex.def)             Requested size: 28.45274pt x 19.89725pt.
File: ../../../logo/IUTlogo.png Graphic file (type png)
<use ../../../logo/IUTlogo.png>
Package pdftex.def Info: ../../../logo/IUTlogo.png  used on input line 189.
(pdftex.def)             Requested size: 34.14322pt x 17.06566pt.

Package fancyhdr Warning: \headheight is too small (12.0pt): 
(fancyhdr)                Make it at least 24.24728pt, for example:
(fancyhdr)                \setlength{\headheight}{24.24728pt}.
(fancyhdr)                You might also make \topmargin smaller to compensate:

(fancyhdr)                \addtolength{\topmargin}{-12.24728pt}.

[5 <../img/interieur_rucher.jpg> <../img/exterieur_rucher.jpg>]
File: ../../../logo/SBLlogo.png Graphic file (type png)
<use ../../../logo/SBLlogo.png>
Package pdftex.def Info: ../../../logo/SBLlogo.png  used on input line 190.
(pdftex.def)             Requested size: 28.45274pt x 19.89725pt.
File: ../../../logo/IUTlogo.png Graphic file (type png)
<use ../../../logo/IUTlogo.png>
Package pdftex.def Info: ../../../logo/IUTlogo.png  used on input line 190.
(pdftex.def)             Requested size: 34.14322pt x 17.06566pt.


Package fancyhdr Warning: \headheight is too small (12.0pt): 
(fancyhdr)                Make it at least 24.24728pt, for example:
(fancyhdr)                \setlength{\headheight}{24.24728pt}.
(fancyhdr)                You might also make \topmargin smaller to compensate:

(fancyhdr)                \addtolength{\topmargin}{-12.24728pt}.

[6]
<../img/notioncalender.png, id=194, 1252.68pt x 656.4525pt>
File: ../img/notioncalender.png Graphic file (type png)
<use ../img/notioncalender.png>
Package pdftex.def Info: ../img/notioncalender.png  used on input line 203.
(pdftex.def)             Requested size: 438.44456pt x 229.76181pt.


Package caption Warning: The option `hypcap=true' will be ignored for this
(caption)                particular \caption on input line 204.
See the caption package documentation for explanation.

File: ../../../logo/SBLlogo.png Graphic file (type png)
<use ../../../logo/SBLlogo.png>
Package pdftex.def Info: ../../../logo/SBLlogo.png  used on input line 210.
(pdftex.def)             Requested size: 28.45274pt x 19.89725pt.
File: ../../../logo/IUTlogo.png Graphic file (type png)
<use ../../../logo/IUTlogo.png>
Package pdftex.def Info: ../../../logo/IUTlogo.png  used on input line 210.
(pdftex.def)             Requested size: 34.14322pt x 17.06566pt.

Package fancyhdr Warning: \headheight is too small (12.0pt): 
(fancyhdr)                Make it at least 24.24728pt, for example:
(fancyhdr)                \setlength{\headheight}{24.24728pt}.
(fancyhdr)                You might also make \topmargin smaller to compensate:

(fancyhdr)                \addtolength{\topmargin}{-12.24728pt}.

[7 <../img/notioncalender.png (PNG copy)>]
<../img/notionlistesdestaches.png, id=202, 1183.42125pt x 523.9575pt>
File: ../img/notionlistesdestaches.png Graphic file (type png)
<use ../img/notionlistesdestaches.png>
Package pdftex.def Info: ../img/notionlistesdestaches.png  used on input line 2
12.
(pdftex.def)             Requested size: 414.20364pt x 183.38786pt.


Package caption Warning: The option `hypcap=true' will be ignored for this
(caption)                particular \caption on input line 213.
See the caption package documentation for explanation.

File: ../../../logo/SBLlogo.png Graphic file (type png)
<use ../../../logo/SBLlogo.png>
Package pdftex.def Info: ../../../logo/SBLlogo.png  used on input line 216.
(pdftex.def)             Requested size: 28.45274pt x 19.89725pt.
File: ../../../logo/IUTlogo.png Graphic file (type png)
<use ../../../logo/IUTlogo.png>
Package pdftex.def Info: ../../../logo/IUTlogo.png  used on input line 216.
(pdftex.def)             Requested size: 34.14322pt x 17.06566pt.

Package fancyhdr Warning: \headheight is too small (12.0pt): 
(fancyhdr)                Make it at least 24.24728pt, for example:
(fancyhdr)                \setlength{\headheight}{24.24728pt}.
(fancyhdr)                You might also make \topmargin smaller to compensate:

(fancyhdr)                \addtolength{\topmargin}{-12.24728pt}.

[8 <../img/notionlistesdestaches.png (PNG copy)>]
<../img/schemaNet.png, id=209, 400.49625pt x 154.32657pt>
File: ../img/schemaNet.png Graphic file (type png)
<use ../img/schemaNet.png>
Package pdftex.def Info: ../img/schemaNet.png  used on input line 226.
(pdftex.def)             Requested size: 400.49527pt x 154.32617pt.


Package caption Warning: The option `hypcap=true' will be ignored for this
(caption)                particular \caption on input line 227.
See the caption package documentation for explanation.

File: ../../../logo/SBLlogo.png Graphic file (type png)
<use ../../../logo/SBLlogo.png>
Package pdftex.def Info: ../../../logo/SBLlogo.png  used on input line 238.
(pdftex.def)             Requested size: 28.45274pt x 19.89725pt.
File: ../../../logo/IUTlogo.png Graphic file (type png)
<use ../../../logo/IUTlogo.png>
Package pdftex.def Info: ../../../logo/IUTlogo.png  used on input line 238.
(pdftex.def)             Requested size: 34.14322pt x 17.06566pt.

Package fancyhdr Warning: \headheight is too small (12.0pt): 
(fancyhdr)                Make it at least 24.24728pt, for example:
(fancyhdr)                \setlength{\headheight}{24.24728pt}.
(fancyhdr)                You might also make \topmargin smaller to compensate:

(fancyhdr)                \addtolength{\topmargin}{-12.24728pt}.

[9 <../img/schemaNet.png>]
Underfull \hbox (badness 10000) in paragraph at lines 247--258

 []


Underfull \hbox (badness 10000) in paragraph at lines 247--258

 []


Underfull \hbox (badness 10000) in paragraph at lines 260--262

 []


Underfull \hbox (badness 10000) in paragraph at lines 260--262

 []


Underfull \hbox (badness 10000) in paragraph at lines 286--293

 []


Underfull \hbox (badness 10000) in paragraph at lines 286--293

 []

File: ../../../logo/SBLlogo.png Graphic file (type png)
<use ../../../logo/SBLlogo.png>
Package pdftex.def Info: ../../../logo/SBLlogo.png  used on input line 293.
(pdftex.def)             Requested size: 28.45274pt x 19.89725pt.
File: ../../../logo/IUTlogo.png Graphic file (type png)
<use ../../../logo/IUTlogo.png>
Package pdftex.def Info: ../../../logo/IUTlogo.png  used on input line 293.
(pdftex.def)             Requested size: 34.14322pt x 17.06566pt.

Package fancyhdr Warning: \headheight is too small (12.0pt): 
(fancyhdr)                Make it at least 24.24728pt, for example:
(fancyhdr)                \setlength{\headheight}{24.24728pt}.
(fancyhdr)                You might also make \topmargin smaller to compensate:

(fancyhdr)                \addtolength{\topmargin}{-12.24728pt}.

[10]
Underfull \hbox (badness 10000) in paragraph at lines 294--298

 []


Underfull \hbox (badness 10000) in paragraph at lines 294--298

 []


Underfull \hbox (badness 10000) in paragraph at lines 294--298

 []


Overfull \hbox (14.63138pt too wide) in paragraph at lines 304--305
[][] 
 []

<../img/montage_piezo_aop.jpg, id=222, 4015.0pt x 2258.4375pt>
File: ../img/montage_piezo_aop.jpg Graphic file (type jpg)
<use ../img/montage_piezo_aop.jpg>
Package pdftex.def Info: ../img/montage_piezo_aop.jpg  used on input line 317.
(pdftex.def)             Requested size: 321.20656pt x 180.6787pt.

Package caption Warning: The option `hypcap=true' will be ignored for this
(caption)                particular \caption on input line 318.
See the caption package documentation for explanation.

File: ../../../logo/SBLlogo.png Graphic file (type png)
<use ../../../logo/SBLlogo.png>
Package pdftex.def Info: ../../../logo/SBLlogo.png  used on input line 318.
(pdftex.def)             Requested size: 28.45274pt x 19.89725pt.
File: ../../../logo/IUTlogo.png Graphic file (type png)
<use ../../../logo/IUTlogo.png>
Package pdftex.def Info: ../../../logo/IUTlogo.png  used on input line 318.
(pdftex.def)             Requested size: 34.14322pt x 17.06566pt.

Package fancyhdr Warning: \headheight is too small (12.0pt): 
(fancyhdr)                Make it at least 24.24728pt, for example:
(fancyhdr)                \setlength{\headheight}{24.24728pt}.
(fancyhdr)                You might also make \topmargin smaller to compensate:

(fancyhdr)                \addtolength{\topmargin}{-12.24728pt}.

[11]
<../img/sortie_osciloscope.jpg, id=228, 4015.0pt x 2258.4375pt>
File: ../img/sortie_osciloscope.jpg Graphic file (type jpg)
<use ../img/sortie_osciloscope.jpg>
Package pdftex.def Info: ../img/sortie_osciloscope.jpg  used on input line 320.

(pdftex.def)             Requested size: 321.20656pt x 180.6787pt.


Package caption Warning: The option `hypcap=true' will be ignored for this
(caption)                particular \caption on input line 321.
See the caption package documentation for explanation.

File: ../../../logo/SBLlogo.png Graphic file (type png)
<use ../../../logo/SBLlogo.png>
Package pdftex.def Info: ../../../logo/SBLlogo.png  used on input line 325.
(pdftex.def)             Requested size: 28.45274pt x 19.89725pt.
File: ../../../logo/IUTlogo.png Graphic file (type png)
<use ../../../logo/IUTlogo.png>
Package pdftex.def Info: ../../../logo/IUTlogo.png  used on input line 325.
(pdftex.def)             Requested size: 34.14322pt x 17.06566pt.

Package fancyhdr Warning: \headheight is too small (12.0pt): 
(fancyhdr)                Make it at least 24.24728pt, for example:
(fancyhdr)                \setlength{\headheight}{24.24728pt}.
(fancyhdr)                You might also make \topmargin smaller to compensate:

(fancyhdr)                \addtolength{\topmargin}{-12.24728pt}.

[12 <../img/montage_piezo_aop.jpg> <../img/sortie_osciloscope.jpg>]
<../img/instrumentation2aop_bb.png, id=238, 561.297pt x 208.78pt>
File: ../img/instrumentation2aop_bb.png Graphic file (type png)
<use ../img/instrumentation2aop_bb.png>
Package pdftex.def Info: ../img/instrumentation2aop_bb.png  used on input line 
338.
(pdftex.def)             Requested size: 449.03821pt x 167.0242pt.


Package caption Warning: The option `hypcap=true' will be ignored for this
(caption)                particular \caption on input line 339.
See the caption package documentation for explanation.

<../img/instrumentation3aop_bb.png, id=239, 469.755pt x 170.236pt>
File: ../img/instrumentation3aop_bb.png Graphic file (type png)
<use ../img/instrumentation3aop_bb.png>
Package pdftex.def Info: ../img/instrumentation3aop_bb.png  used on input line 
344.
(pdftex.def)             Requested size: 469.75386pt x 170.23557pt.

Package caption Warning: The option `hypcap=true' will be ignored for this
(caption)                particular \caption on input line 345.
See the caption package documentation for explanation.

File: ../../../logo/SBLlogo.png Graphic file (type png)
<use ../../../logo/SBLlogo.png>
Package pdftex.def Info: ../../../logo/SBLlogo.png  used on input line 350.
(pdftex.def)             Requested size: 28.45274pt x 19.89725pt.
File: ../../../logo/IUTlogo.png Graphic file (type png)
<use ../../../logo/IUTlogo.png>
Package pdftex.def Info: ../../../logo/IUTlogo.png  used on input line 350.
(pdftex.def)             Requested size: 34.14322pt x 17.06566pt.

Package fancyhdr Warning: \headheight is too small (12.0pt): 
(fancyhdr)                Make it at least 24.24728pt, for example:
(fancyhdr)                \setlength{\headheight}{24.24728pt}.
(fancyhdr)                You might also make \topmargin smaller to compensate:

(fancyhdr)                \addtolength{\topmargin}{-12.24728pt}.

[13 <../img/instrumentation2aop_bb.png> <../img/instrumentation3aop_bb.png>]
Underfull \hbox (badness 10000) in paragraph at lines 352--355

 []

<../img/mtgfinal.png, id=252, 539.616pt x 170.236pt>
File: ../img/mtgfinal.png Graphic file (type png)
<use ../img/mtgfinal.png>
Package pdftex.def Info: ../img/mtgfinal.png  used on input line 356.
(pdftex.def)             Requested size: 458.67577pt x 144.70126pt.

Package caption Warning: The option `hypcap=true' will be ignored for this
(caption)                particular \caption on input line 357.
See the caption package documentation for explanation.

<../img/SMG.png, id=253, 953.81343pt x 420.82219pt>
File: ../img/SMG.png Graphic file (type png)
<use ../img/SMG.png>
Package pdftex.def Info: ../img/SMG.png  used on input line 362.
(pdftex.def)             Requested size: 476.90555pt x 210.41057pt.

Package caption Warning: The option `hypcap=true' will be ignored for this
(caption)                particular \caption on input line 363.
See the caption package documentation for explanation.


Underfull \hbox (badness 10000) in paragraph at lines 366--367

 []


Underfull \hbox (badness 10000) in paragraph at lines 366--367

 []

File: ../../../logo/SBLlogo.png Graphic file (type png)
<use ../../../logo/SBLlogo.png>
Package pdftex.def Info: ../../../logo/SBLlogo.png  used on input line 369.
(pdftex.def)             Requested size: 28.45274pt x 19.89725pt.
File: ../../../logo/IUTlogo.png Graphic file (type png)
<use ../../../logo/IUTlogo.png>
Package pdftex.def Info: ../../../logo/IUTlogo.png  used on input line 369.
(pdftex.def)             Requested size: 34.14322pt x 17.06566pt.

Package fancyhdr Warning: \headheight is too small (12.0pt): 
(fancyhdr)                Make it at least 24.24728pt, for example:
(fancyhdr)                \setlength{\headheight}{24.24728pt}.
(fancyhdr)                You might also make \topmargin smaller to compensate:

(fancyhdr)                \addtolength{\topmargin}{-12.24728pt}.

[14 <../img/mtgfinal.png> <../img/SMG.png (PNG copy)>]

LaTeX Warning: Reference `VMOMVM' on page 15 undefined on input line 378.

<../img/plat.jpg, id=265, 741.23077pt x 472.53462pt>
File: ../img/plat.jpg Graphic file (type jpg)
<use ../img/plat.jpg>
Package pdftex.def Info: ../img/plat.jpg  used on input line 381.
(pdftex.def)             Requested size: 370.61447pt x 236.26672pt.

Package caption Warning: The option `hypcap=true' will be ignored for this
(caption)                particular \caption on input line 382.
See the caption package documentation for explanation.

<../img/frotment.jpg, id=266, 741.23077pt x 472.53462pt>
File: ../img/frotment.jpg Graphic file (type jpg)
<use ../img/frotment.jpg>
Package pdftex.def Info: ../img/frotment.jpg  used on input line 387.
(pdftex.def)             Requested size: 370.61447pt x 236.26672pt.

Package caption Warning: The option `hypcap=true' will be ignored for this
(caption)                particular \caption on input line 388.
See the caption package documentation for explanation.

File: ../../../logo/SBLlogo.png Graphic file (type png)
<use ../../../logo/SBLlogo.png>
Package pdftex.def Info: ../../../logo/SBLlogo.png  used on input line 388.
(pdftex.def)             Requested size: 28.45274pt x 19.89725pt.
File: ../../../logo/IUTlogo.png Graphic file (type png)
<use ../../../logo/IUTlogo.png>
Package pdftex.def Info: ../../../logo/IUTlogo.png  used on input line 388.
(pdftex.def)             Requested size: 34.14322pt x 17.06566pt.

Package fancyhdr Warning: \headheight is too small (12.0pt): 
(fancyhdr)                Make it at least 24.24728pt, for example:
(fancyhdr)                \setlength{\headheight}{24.24728pt}.
(fancyhdr)                You might also make \topmargin smaller to compensate:

(fancyhdr)                \addtolength{\topmargin}{-12.24728pt}.

[15 <../img/plat.jpg> <../img/frotment.jpg>]
<../img/froty.jpg, id=277, 4015.0pt x 2258.4375pt>
File: ../img/froty.jpg Graphic file (type jpg)
<use ../img/froty.jpg>
Package pdftex.def Info: ../img/froty.jpg  used on input line 393.
(pdftex.def)             Requested size: 401.52353pt x 225.85698pt.


Package caption Warning: The option `hypcap=true' will be ignored for this
(caption)                particular \caption on input line 394.
See the caption package documentation for explanation.

File: ../../../logo/SBLlogo.png Graphic file (type png)
<use ../../../logo/SBLlogo.png>
Package pdftex.def Info: ../../../logo/SBLlogo.png  used on input line 398.
(pdftex.def)             Requested size: 28.45274pt x 19.89725pt.
File: ../../../logo/IUTlogo.png Graphic file (type png)
<use ../../../logo/IUTlogo.png>
Package pdftex.def Info: ../../../logo/IUTlogo.png  used on input line 398.
(pdftex.def)             Requested size: 34.14322pt x 17.06566pt.

Package fancyhdr Warning: \headheight is too small (12.0pt): 
(fancyhdr)                Make it at least 24.24728pt, for example:
(fancyhdr)                \setlength{\headheight}{24.24728pt}.
(fancyhdr)                You might also make \topmargin smaller to compensate:

(fancyhdr)                \addtolength{\topmargin}{-12.24728pt}.

[16 <../img/froty.jpg>]

LaTeX Warning: Reference `Annexe' on page 17 undefined on input line 400.

<../img/algorigrame.png, id=284, 124.96687pt x 290.58563pt>
File: ../img/algorigrame.png Graphic file (type png)
<use ../img/algorigrame.png>
Package pdftex.def Info: ../img/algorigrame.png  used on input line 406.
(pdftex.def)             Requested size: 124.96657pt x 290.58492pt.

Package caption Warning: The option `hypcap=true' will be ignored for this
(caption)                particular \caption on input line 407.
See the caption package documentation for explanation.

File: ../../../logo/SBLlogo.png Graphic file (type png)
<use ../../../logo/SBLlogo.png>
Package pdftex.def Info: ../../../logo/SBLlogo.png  used on input line 418.
(pdftex.def)             Requested size: 28.45274pt x 19.89725pt.
File: ../../../logo/IUTlogo.png Graphic file (type png)
<use ../../../logo/IUTlogo.png>
Package pdftex.def Info: ../../../logo/IUTlogo.png  used on input line 418.
(pdftex.def)             Requested size: 34.14322pt x 17.06566pt.

Package fancyhdr Warning: \headheight is too small (12.0pt): 
(fancyhdr)                Make it at least 24.24728pt, for example:
(fancyhdr)                \setlength{\headheight}{24.24728pt}.
(fancyhdr)                You might also make \topmargin smaller to compensate:

(fancyhdr)                \addtolength{\topmargin}{-12.24728pt}.

[17 <../img/algorigrame.png>]
File: ../../../logo/SBLlogo.png Graphic file (type png)
<use ../../../logo/SBLlogo.png>
Package pdftex.def Info: ../../../logo/SBLlogo.png  used on input line 423.
(pdftex.def)             Requested size: 28.45274pt x 19.89725pt.
File: ../../../logo/IUTlogo.png Graphic file (type png)
<use ../../../logo/IUTlogo.png>
Package pdftex.def Info: ../../../logo/IUTlogo.png  used on input line 423.
(pdftex.def)             Requested size: 34.14322pt x 17.06566pt.


Package fancyhdr Warning: \headheight is too small (12.0pt): 
(fancyhdr)                Make it at least 24.24728pt, for example:
(fancyhdr)                \setlength{\headheight}{24.24728pt}.
(fancyhdr)                You might also make \topmargin smaller to compensate:

(fancyhdr)                \addtolength{\topmargin}{-12.24728pt}.

[18] (./rapport_final.lof)
\tf@lof=\write6
\openout6 = `rapport_final.lof'.

File: ../../../logo/SBLlogo.png Graphic file (type png)
<use ../../../logo/SBLlogo.png>
Package pdftex.def Info: ../../../logo/SBLlogo.png  used on input line 426.
(pdftex.def)             Requested size: 28.45274pt x 19.89725pt.
File: ../../../logo/IUTlogo.png Graphic file (type png)
<use ../../../logo/IUTlogo.png>
Package pdftex.def Info: ../../../logo/IUTlogo.png  used on input line 426.
(pdftex.def)             Requested size: 34.14322pt x 17.06566pt.


Package fancyhdr Warning: \headheight is too small (12.0pt): 
(fancyhdr)                Make it at least 24.24728pt, for example:
(fancyhdr)                \setlength{\headheight}{24.24728pt}.
(fancyhdr)                You might also make \topmargin smaller to compensate:

(fancyhdr)                \addtolength{\topmargin}{-12.24728pt}.

[19]
LaTeX Font Info:    Trying to load font information for T1+lmvtt on input line 
431.
 (/usr/share/texmf-dist/tex/latex/lm/t1lmvtt.fd
File: t1lmvtt.fd 2015/05/01 v1.6.1 Font defs for Latin Modern
)
LaTeX Font Info:    Trying to load font information for TS1+lmvtt on input line
 435.

(/usr/share/texmf-dist/tex/latex/lm/ts1lmvtt.fd
File: ts1lmvtt.fd 2015/05/01 v1.6.1 Font defs for Latin Modern
)
File: ../../../logo/SBLlogo.png Graphic file (type png)
<use ../../../logo/SBLlogo.png>
Package pdftex.def Info: ../../../logo/SBLlogo.png  used on input line 477.
(pdftex.def)             Requested size: 28.45274pt x 19.89725pt.
File: ../../../logo/IUTlogo.png Graphic file (type png)
<use ../../../logo/IUTlogo.png>
Package pdftex.def Info: ../../../logo/IUTlogo.png  used on input line 477.
(pdftex.def)             Requested size: 34.14322pt x 17.06566pt.


Package fancyhdr Warning: \headheight is too small (12.0pt): 
(fancyhdr)                Make it at least 24.24728pt, for example:
(fancyhdr)                \setlength{\headheight}{24.24728pt}.
(fancyhdr)                You might also make \topmargin smaller to compensate:

(fancyhdr)                \addtolength{\topmargin}{-12.24728pt}.

[20]
File: ../../../logo/SBLlogo.png Graphic file (type png)
<use ../../../logo/SBLlogo.png>
Package pdftex.def Info: ../../../logo/SBLlogo.png  used on input line 527.
(pdftex.def)             Requested size: 28.45274pt x 19.89725pt.
File: ../../../logo/IUTlogo.png Graphic file (type png)
<use ../../../logo/IUTlogo.png>
Package pdftex.def Info: ../../../logo/IUTlogo.png  used on input line 527.
(pdftex.def)             Requested size: 34.14322pt x 17.06566pt.


Package fancyhdr Warning: \headheight is too small (12.0pt): 
(fancyhdr)                Make it at least 24.24728pt, for example:
(fancyhdr)                \setlength{\headheight}{24.24728pt}.
(fancyhdr)                You might also make \topmargin smaller to compensate:

(fancyhdr)                \addtolength{\topmargin}{-12.24728pt}.

[21]
File: ../../../logo/SBLlogo.png Graphic file (type png)
<use ../../../logo/SBLlogo.png>
Package pdftex.def Info: ../../../logo/SBLlogo.png  used on input line 577.
(pdftex.def)             Requested size: 28.45274pt x 19.89725pt.
File: ../../../logo/IUTlogo.png Graphic file (type png)
<use ../../../logo/IUTlogo.png>
Package pdftex.def Info: ../../../logo/IUTlogo.png  used on input line 577.
(pdftex.def)             Requested size: 34.14322pt x 17.06566pt.


Package fancyhdr Warning: \headheight is too small (12.0pt): 
(fancyhdr)                Make it at least 24.24728pt, for example:
(fancyhdr)                \setlength{\headheight}{24.24728pt}.
(fancyhdr)                You might also make \topmargin smaller to compensate:

(fancyhdr)                \addtolength{\topmargin}{-12.24728pt}.

[22]
File: ../../../logo/SBLlogo.png Graphic file (type png)
<use ../../../logo/SBLlogo.png>
Package pdftex.def Info: ../../../logo/SBLlogo.png  used on input line 628.
(pdftex.def)             Requested size: 28.45274pt x 19.89725pt.
File: ../../../logo/IUTlogo.png Graphic file (type png)
<use ../../../logo/IUTlogo.png>
Package pdftex.def Info: ../../../logo/IUTlogo.png  used on input line 628.
(pdftex.def)             Requested size: 34.14322pt x 17.06566pt.


Package fancyhdr Warning: \headheight is too small (12.0pt): 
(fancyhdr)                Make it at least 24.24728pt, for example:
(fancyhdr)                \setlength{\headheight}{24.24728pt}.
(fancyhdr)                You might also make \topmargin smaller to compensate:

(fancyhdr)                \addtolength{\topmargin}{-12.24728pt}.

[23] 
AED: lastpage setting LastPage
File: ../../../logo/SBLlogo.png Graphic file (type png)
<use ../../../logo/SBLlogo.png>
Package pdftex.def Info: ../../../logo/SBLlogo.png  used on input line 642.
(pdftex.def)             Requested size: 28.45274pt x 19.89725pt.
File: ../../../logo/IUTlogo.png Graphic file (type png)
<use ../../../logo/IUTlogo.png>
Package pdftex.def Info: ../../../logo/IUTlogo.png  used on input line 642.
(pdftex.def)             Requested size: 34.14322pt x 17.06566pt.

Package fancyhdr Warning: \headheight is too small (12.0pt): 
(fancyhdr)                Make it at least 24.24728pt, for example:
(fancyhdr)                \setlength{\headheight}{24.24728pt}.
(fancyhdr)                You might also make \topmargin smaller to compensate:

(fancyhdr)                \addtolength{\topmargin}{-12.24728pt}.

[24] (./rapport_final.aux)

LaTeX Warning: There were undefined references.


LaTeX Warning: There were multiply-defined labels.

Package rerunfilecheck Info: File `rapport_final.out' has not changed.
(rerunfilecheck)             Checksum: 43E31F8661EC2A87E77CE083B759D3D6;3664.
 ) 
Here is how much of TeX's memory you used:
 15454 strings out of 478238
 242482 string characters out of 5850456
 950124 words of memory out of 5000000
 33211 multiletter control sequences out of 15000+600000
 490591 words of font info for 55 fonts, out of 8000000 for 9000
 1141 hyphenation exceptions out of 8191
 60i,16n,63p,806b,1984s stack positions out of 5000i,500n,10000p,200000b,80000s
{/usr/share/texmf-dist/fonts/enc/dvips/lm/lm-ts1.enc}{/usr/share/texmf-dist/f
onts/enc/dvips/lm/lm-ec.enc}{/usr/share/texmf-dist/fonts/enc/dvips/cm-super/cm-
super-t1.enc}</usr/share/texmf-dist/fonts/type1/public/amsfonts/cm/cmmi12.pfb><
/usr/share/texmf-dist/fonts/type1/public/amsfonts/cm/cmr12.pfb></usr/share/texm
f-dist/fonts/type1/public/lm/lmvtt10.pfb></usr/share/texmf-dist/fonts/type1/pub
lic/cm-super/sfbx1200.pfb></usr/share/texmf-dist/fonts/type1/public/cm-super/sf
bx1440.pfb></usr/share/texmf-dist/fonts/type1/public/cm-super/sfbx1728.pfb></us
r/share/texmf-dist/fonts/type1/public/cm-super/sfcc1200.pfb></usr/share/texmf-d
ist/fonts/type1/public/cm-super/sfrm0600.pfb></usr/share/texmf-dist/fonts/type1
/public/cm-super/sfrm1095.pfb></usr/share/texmf-dist/fonts/type1/public/cm-supe
r/sfrm1200.pfb></usr/share/texmf-dist/fonts/type1/public/cm-super/sfrm1440.pfb>
</usr/share/texmf-dist/fonts/type1/public/cm-super/sfrm2074.pfb>
Output written on rapport_final.pdf (24 pages, 17318976 bytes).
PDF statistics:
 674 PDF objects out of 1000 (max. 8388607)
 588 compressed objects within 6 object streams
 280 named destinations out of 1000 (max. 500000)
 309 words of extra memory for PDF output out of 10000 (max. 10000000)

