This is pdfTeX, Version 3.14159265-2.6-1.40.21 (TeX Live 2020/Debian) (preloaded format=pdflatex 2022.5.1)  22 MAY 2022 11:00
entering extended mode
 restricted \write18 enabled.
 %&-line parsing enabled.
**rapport_S2_S3.tex
(./rapport_S2_S3.tex
LaTeX2e <2020-10-01> patch level 4
L3 programming layer <2021-01-09> xparse <2020-03-03>
(/usr/share/texlive/texmf-dist/tex/latex/base/article.cls
Document Class: article 2020/04/10 v1.4m Standard LaTeX document class
(/usr/share/texlive/texmf-dist/tex/latex/base/size11.clo
File: size11.clo 2020/04/10 v1.4m Standard LaTeX file (size option)
)
\c@part=\count177
\c@section=\count178
\c@subsection=\count179
\c@subsubsection=\count180
\c@paragraph=\count181
\c@subparagraph=\count182
\c@figure=\count183
\c@table=\count184
\abovecaptionskip=\skip47
\belowcaptionskip=\skip48
\bibindent=\dimen138
)
(/usr/share/texlive/texmf-dist/tex/latex/base/inputenc.sty
Package: inputenc 2020/08/01 v1.3d Input encoding file
\inpenc@prehook=\toks15
\inpenc@posthook=\toks16
)
(/usr/share/texlive/texmf-dist/tex/generic/babel/babel.sty
Package: babel 2021/01/26 3.53 The Babel package

(/usr/share/texlive/texmf-dist/tex/generic/babel/babel.def
File: babel.def 2021/01/26 3.53 Babel common definitions
\babel@savecnt=\count185
\U@D=\dimen139
\l@babelnohyphens=\language86

(/usr/share/texlive/texmf-dist/tex/generic/babel/txtbabel.def)
\bbl@readstream=\read2
)
\bbl@dirlevel=\count186

(/usr/share/texlive/texmf-dist/tex/generic/babel-french/french.ldf
Language: french 2020/10/10 v3.5l French support from the babel system
Package babel Info: \l@acadian = using hyphenrules for french
(babel)             (\language74) on input line 91.
Package babel Info: \l@canadien = using hyphenrules for french
(babel)             (\language74) on input line 92.
\FB@nonchar=\count187
Package babel Info: Making : an active character on input line 430.
Package babel Info: Making ; an active character on input line 431.
Package babel Info: Making ! an active character on input line 432.
Package babel Info: Making ? an active character on input line 433.
\FBguill@level=\count188
\FBold@everypar=\toks17
\FB@Mht=\dimen140
\mc@charclass=\count189
\mc@charfam=\count190
\mc@charslot=\count191
\std@mcc=\count192
\dec@mcc=\count193
\listindentFB=\dimen141
\descindentFB=\dimen142
\labelindentFB=\dimen143
\labelwidthFB=\dimen144
\leftmarginFB=\dimen145
\parindentFFN=\dimen146
\FBfnindent=\dimen147
))
(/usr/share/texlive/texmf-dist/tex/latex/carlisle/scalefnt.sty)
(/usr/share/texlive/texmf-dist/tex/latex/graphics/keyval.sty
Package: keyval 2014/10/28 v1.15 key=value parser (DPC)
\KV@toks@=\toks18
)
(/usr/share/texlive/texmf-dist/tex/latex/base/fontenc.sty
Package: fontenc 2020/08/10 v2.0s Standard LaTeX package
)
(/usr/share/texlive/texmf-dist/tex/latex/fancyhdr/fancyhdr.sty
Package: fancyhdr 2021/01/04 v4.0 Extensive control of page headers and footers

\f@nch@headwidth=\skip49
\f@nch@O@elh=\skip50
\f@nch@O@erh=\skip51
\f@nch@O@olh=\skip52
\f@nch@O@orh=\skip53
\f@nch@O@elf=\skip54
\f@nch@O@erf=\skip55
\f@nch@O@olf=\skip56
\f@nch@O@orf=\skip57
)
(/usr/share/texlive/texmf-dist/tex/latex/fancybox/fancybox.sty
Package: fancybox 2010/05/15 1.4

Style option: `fancybox' v1.4 <2010/05/15> (tvz)
\@fancybox=\box47
\shadowsize=\dimen148
\@Sbox=\box48
\do@VerbBox=\toks19
\the@fancyput=\toks20
\this@fancyput=\toks21
\EndVerbatimTokens=\toks22
\Verbatim@Outfile=\write3
\Verbatim@Infile=\read3
) (/usr/share/texlive/texmf-dist/tex/latex/lastpage/lastpage.sty
Package: lastpage 2015/03/29 v1.2m Refers to last page's name (HMM; JPG)
)
(/usr/share/texlive/texmf-dist/tex/latex/graphics/graphicx.sty
Package: graphicx 2020/09/09 v1.2b Enhanced LaTeX Graphics (DPC,SPQR)

(/usr/share/texlive/texmf-dist/tex/latex/graphics/graphics.sty
Package: graphics 2020/08/30 v1.4c Standard LaTeX Graphics (DPC,SPQR)

(/usr/share/texlive/texmf-dist/tex/latex/graphics/trig.sty
Package: trig 2016/01/03 v1.10 sin cos tan (DPC)
)
(/usr/share/texlive/texmf-dist/tex/latex/graphics-cfg/graphics.cfg
File: graphics.cfg 2016/06/04 v1.11 sample graphics configuration
)
Package graphics Info: Driver file: pdftex.def on input line 105.

(/usr/share/texlive/texmf-dist/tex/latex/graphics-def/pdftex.def
File: pdftex.def 2020/10/05 v1.2a Graphics/color driver for pdftex
))
\Gin@req@height=\dimen149
\Gin@req@width=\dimen150
)
(/usr/share/texlive/texmf-dist/tex/latex/geometry/geometry.sty
Package: geometry 2020/01/02 v5.9 Page Geometry

(/usr/share/texlive/texmf-dist/tex/generic/iftex/ifvtex.sty
Package: ifvtex 2019/10/25 v1.7 ifvtex legacy package. Use iftex instead.

(/usr/share/texlive/texmf-dist/tex/generic/iftex/iftex.sty
Package: iftex 2020/03/06 v1.0d TeX engine tests
))
\Gm@cnth=\count194
\Gm@cntv=\count195
\c@Gm@tempcnt=\count196
\Gm@bindingoffset=\dimen151
\Gm@wd@mp=\dimen152
\Gm@odd@mp=\dimen153
\Gm@even@mp=\dimen154
\Gm@layoutwidth=\dimen155
\Gm@layoutheight=\dimen156
\Gm@layouthoffset=\dimen157
\Gm@layoutvoffset=\dimen158
\Gm@dimlist=\toks23
)
(/usr/share/texlive/texmf-dist/tex/latex/listings/listings.sty
\lst@mode=\count197
\lst@gtempboxa=\box49
\lst@token=\toks24
\lst@length=\count198
\lst@currlwidth=\dimen159
\lst@column=\count199
\lst@pos=\count266
\lst@lostspace=\dimen160
\lst@width=\dimen161
\lst@newlines=\count267
\lst@lineno=\count268
\lst@maxwidth=\dimen162

(/usr/share/texlive/texmf-dist/tex/latex/listings/lstmisc.sty
File: lstmisc.sty 2020/03/24 1.8d (Carsten Heinz)
\c@lstnumber=\count269
\lst@skipnumbers=\count270
\lst@framebox=\box50
)
(/usr/share/texlive/texmf-dist/tex/latex/listings/listings.cfg
File: listings.cfg 2020/03/24 1.8d listings configuration
))
Package: listings 2020/03/24 1.8d (Carsten Heinz)

(/usr/share/texlive/texmf-dist/tex/latex/graphics/color.sty
Package: color 2020/02/24 v1.2b Standard LaTeX Color (DPC)

(/usr/share/texlive/texmf-dist/tex/latex/graphics-cfg/color.cfg
File: color.cfg 2016/01/02 v1.6 sample color configuration
)
Package color Info: Driver file: pdftex.def on input line 147.
)
(/usr/share/texlive/texmf-dist/tex/latex/xcolor/xcolor.sty
Package: xcolor 2016/05/11 v2.12 LaTeX color extensions (UK)

(/usr/share/texlive/texmf-dist/tex/latex/graphics-cfg/color.cfg
File: color.cfg 2016/01/02 v1.6 sample color configuration
)
Package xcolor Info: Driver file: pdftex.def on input line 225.

(/usr/share/texlive/texmf-dist/tex/latex/colortbl/colortbl.sty
Package: colortbl 2020/01/04 v1.0e Color table columns (DPC)

(/usr/share/texlive/texmf-dist/tex/latex/tools/array.sty
Package: array 2020/10/01 v2.5c Tabular extension package (FMi)
\col@sep=\dimen163
\ar@mcellbox=\box51
\extrarowheight=\dimen164
\NC@list=\toks25
\extratabsurround=\skip58
\backup@length=\skip59
\ar@cellbox=\box52
)
\everycr=\toks26
\minrowclearance=\skip60
)
LaTeX Info: Redefining \color on input line 709.
\rownum=\count271
Package xcolor Info: Model `cmy' substituted by `cmy0' on input line 1348.
Package xcolor Info: Model `hsb' substituted by `rgb' on input line 1352.
Package xcolor Info: Model `RGB' extended on input line 1364.
Package xcolor Info: Model `HTML' substituted by `rgb' on input line 1366.
Package xcolor Info: Model `Hsb' substituted by `hsb' on input line 1367.
Package xcolor Info: Model `tHsb' substituted by `hsb' on input line 1368.
Package xcolor Info: Model `HSB' substituted by `hsb' on input line 1369.
Package xcolor Info: Model `Gray' substituted by `gray' on input line 1370.
Package xcolor Info: Model `wave' substituted by `hsb' on input line 1371.
)
(/usr/share/texlive/texmf-dist/tex/latex/hyperref/hyperref.sty
Package: hyperref 2020-05-15 v7.00e Hypertext links for LaTeX

(/usr/share/texlive/texmf-dist/tex/generic/ltxcmds/ltxcmds.sty
Package: ltxcmds 2020-05-10 v1.25 LaTeX kernel commands for general use (HO)
)
(/usr/share/texlive/texmf-dist/tex/generic/pdftexcmds/pdftexcmds.sty
Package: pdftexcmds 2020-06-27 v0.33 Utility functions of pdfTeX for LuaTeX (HO
)

(/usr/share/texlive/texmf-dist/tex/generic/infwarerr/infwarerr.sty
Package: infwarerr 2019/12/03 v1.5 Providing info/warning/error messages (HO)
)
Package pdftexcmds Info: \pdf@primitive is available.
Package pdftexcmds Info: \pdf@ifprimitive is available.
Package pdftexcmds Info: \pdfdraftmode found.
)
(/usr/share/texlive/texmf-dist/tex/generic/kvsetkeys/kvsetkeys.sty
Package: kvsetkeys 2019/12/15 v1.18 Key value parser (HO)
)
(/usr/share/texlive/texmf-dist/tex/generic/kvdefinekeys/kvdefinekeys.sty
Package: kvdefinekeys 2019-12-19 v1.6 Define keys (HO)
)
(/usr/share/texlive/texmf-dist/tex/generic/pdfescape/pdfescape.sty
Package: pdfescape 2019/12/09 v1.15 Implements pdfTeX's escape features (HO)
)
(/usr/share/texlive/texmf-dist/tex/latex/hycolor/hycolor.sty
Package: hycolor 2020-01-27 v1.10 Color options for hyperref/bookmark (HO)
)
(/usr/share/texlive/texmf-dist/tex/latex/letltxmacro/letltxmacro.sty
Package: letltxmacro 2019/12/03 v1.6 Let assignment for LaTeX macros (HO)
)
(/usr/share/texlive/texmf-dist/tex/latex/auxhook/auxhook.sty
Package: auxhook 2019-12-17 v1.6 Hooks for auxiliary files (HO)
)
(/usr/share/texlive/texmf-dist/tex/latex/kvoptions/kvoptions.sty
Package: kvoptions 2020-10-07 v3.14 Key value format for package options (HO)
)
\@linkdim=\dimen165
\Hy@linkcounter=\count272
\Hy@pagecounter=\count273

(/usr/share/texlive/texmf-dist/tex/latex/hyperref/pd1enc.def
File: pd1enc.def 2020-05-15 v7.00e Hyperref: PDFDocEncoding definition (HO)
Now handling font encoding PD1 ...
... no UTF-8 mapping file for font encoding PD1
)
(/usr/share/texlive/texmf-dist/tex/generic/intcalc/intcalc.sty
Package: intcalc 2019/12/15 v1.3 Expandable calculations with integers (HO)
)
(/usr/share/texlive/texmf-dist/tex/generic/etexcmds/etexcmds.sty
Package: etexcmds 2019/12/15 v1.7 Avoid name clashes with e-TeX commands (HO)
)
\Hy@SavedSpaceFactor=\count274
Package hyperref Info: Hyper figures OFF on input line 4464.
Package hyperref Info: Link nesting OFF on input line 4469.
Package hyperref Info: Hyper index ON on input line 4472.
Package hyperref Info: Plain pages OFF on input line 4479.
Package hyperref Info: Backreferencing OFF on input line 4484.
Package hyperref Info: Implicit mode ON; LaTeX internals redefined.
Package hyperref Info: Bookmarks ON on input line 4717.
\c@Hy@tempcnt=\count275

(/usr/share/texlive/texmf-dist/tex/latex/url/url.sty
\Urlmuskip=\muskip16
Package: url 2013/09/16  ver 3.4  Verb mode for urls, etc.
)
LaTeX Info: Redefining \url on input line 5076.
\XeTeXLinkMargin=\dimen166

(/usr/share/texlive/texmf-dist/tex/generic/bitset/bitset.sty
Package: bitset 2019/12/09 v1.3 Handle bit-vector datatype (HO)

(/usr/share/texlive/texmf-dist/tex/generic/bigintcalc/bigintcalc.sty
Package: bigintcalc 2019/12/15 v1.5 Expandable calculations on big integers (HO
)
))
\Fld@menulength=\count276
\Field@Width=\dimen167
\Fld@charsize=\dimen168
Package hyperref Info: Hyper figures OFF on input line 6347.
Package hyperref Info: Link nesting OFF on input line 6352.
Package hyperref Info: Hyper index ON on input line 6355.
Package hyperref Info: backreferencing OFF on input line 6362.
Package hyperref Info: Link coloring OFF on input line 6367.
Package hyperref Info: Link coloring with OCG OFF on input line 6372.
Package hyperref Info: PDF/A mode OFF on input line 6377.
LaTeX Info: Redefining \ref on input line 6417.
LaTeX Info: Redefining \pageref on input line 6421.

(/usr/share/texlive/texmf-dist/tex/latex/base/atbegshi-ltx.sty
Package: atbegshi-ltx 2020/08/17 v1.0a Emulation of the original atbegshi packa
ge
with kernel methods
)
\Hy@abspage=\count277
\c@Item=\count278
\c@Hfootnote=\count279
)
Package hyperref Info: Driver (autodetected): hpdftex.

(/usr/share/texlive/texmf-dist/tex/latex/hyperref/hpdftex.def
File: hpdftex.def 2020-05-15 v7.00e Hyperref driver for pdfTeX

(/usr/share/texlive/texmf-dist/tex/latex/base/atveryend-ltx.sty
Package: atveryend-ltx 2020/08/19 v1.0a Emulation of the original atvery packag
e
with kernel methods
)
\Fld@listcount=\count280
\c@bookmark@seq@number=\count281

(/usr/share/texlive/texmf-dist/tex/latex/rerunfilecheck/rerunfilecheck.sty
Package: rerunfilecheck 2019/12/05 v1.9 Rerun checks for auxiliary files (HO)

(/usr/share/texlive/texmf-dist/tex/generic/uniquecounter/uniquecounter.sty
Package: uniquecounter 2019/12/15 v1.4 Provide unlimited unique counter (HO)
)
Package uniquecounter Info: New unique counter `rerunfilecheck' on input line 2
86.
)
\Hy@SectionHShift=\skip61
)
(/usr/share/texlive/texmf-dist/tex/latex/caption/caption.sty
Package: caption 2020/10/26 v3.5g Customizing captions (AR)

(/usr/share/texlive/texmf-dist/tex/latex/caption/caption3.sty
Package: caption3 2020/10/21 v2.2e caption3 kernel (AR)
\captionmargin=\dimen169
\captionmargin@=\dimen170
\captionwidth=\dimen171
\caption@tempdima=\dimen172
\caption@indent=\dimen173
\caption@parindent=\dimen174
\caption@hangindent=\dimen175
Package caption Info: Standard document class detected.
Package caption Info: french babel package is loaded.
)
\c@caption@flags=\count282
\c@continuedfloat=\count283
Package caption Info: hyperref package is loaded.
Package caption Info: listings package is loaded.
)
(/usr/share/texlive/texmf-dist/tex/latex/l3backend/l3backend-pdftex.def
File: l3backend-pdftex.def 2020-01-29 L3 backend support: PDF output (pdfTeX)
\l__color_backend_stack_int=\count284
\l__pdf_internal_box=\box53
)
(./rapport_S2_S3.aux)
\openout1 = `rapport_S2_S3.aux'.

LaTeX Font Info:    Checking defaults for OML/cmm/m/it on input line 46.
LaTeX Font Info:    ... okay on input line 46.
LaTeX Font Info:    Checking defaults for OMS/cmsy/m/n on input line 46.
LaTeX Font Info:    ... okay on input line 46.
LaTeX Font Info:    Checking defaults for OT1/cmr/m/n on input line 46.
LaTeX Font Info:    ... okay on input line 46.
LaTeX Font Info:    Checking defaults for T1/cmr/m/n on input line 46.
LaTeX Font Info:    ... okay on input line 46.
LaTeX Font Info:    Checking defaults for TS1/cmr/m/n on input line 46.
LaTeX Font Info:    ... okay on input line 46.
LaTeX Font Info:    Checking defaults for OMX/cmex/m/n on input line 46.
LaTeX Font Info:    ... okay on input line 46.
LaTeX Font Info:    Checking defaults for U/cmr/m/n on input line 46.
LaTeX Font Info:    ... okay on input line 46.
LaTeX Font Info:    Checking defaults for PD1/pdf/m/n on input line 46.
LaTeX Font Info:    ... okay on input line 46.
LaTeX Info: Redefining \degres on input line 46.
LaTeX Info: Redefining \dots on input line 46.
LaTeX Info: Redefining \up on input line 46.
Package lastpage Info: Please have a look at the pageslts package at
(lastpage)             https://www.ctan.org/pkg/pageslts
(lastpage)             ! on input line 46.

(/usr/share/texlive/texmf-dist/tex/context/base/mkii/supp-pdf.mkii
[Loading MPS to PDF converter (version 2006.09.02).]
\scratchcounter=\count285
\scratchdimen=\dimen176
\scratchbox=\box54
\nofMPsegments=\count286
\nofMParguments=\count287
\everyMPshowfont=\toks27
\MPscratchCnt=\count288
\MPscratchDim=\dimen177
\MPnumerator=\count289
\makeMPintoPDFobject=\count290
\everyMPtoPDFconversion=\toks28
) (/usr/share/texlive/texmf-dist/tex/latex/epstopdf-pkg/epstopdf-base.sty
Package: epstopdf-base 2020-01-24 v2.11 Base part for package epstopdf
Package epstopdf-base Info: Redefining graphics rule for `.eps' on input line 4
85.

(/usr/share/texlive/texmf-dist/tex/latex/latexconfig/epstopdf-sys.cfg
File: epstopdf-sys.cfg 2010/07/13 v1.3 Configuration of (r)epstopdf for TeX Liv
e
))
*geometry* driver: auto-detecting
*geometry* detected driver: pdftex
*geometry* verbose mode - [ preamble ] result:
* driver: pdftex
* paper: a4paper
* layout: <same size as paper>
* layoutoffset:(h,v)=(0.0pt,0.0pt)
* modes: 
* h-part:(L,W,R)=(56.9055pt, 483.69687pt, 56.9055pt)
* v-part:(T,H,B)=(56.9055pt, 717.00946pt, 71.13188pt)
* \paperwidth=597.50787pt
* \paperheight=845.04684pt
* \textwidth=483.69687pt
* \textheight=717.00946pt
* \oddsidemargin=-15.36449pt
* \evensidemargin=-15.36449pt
* \topmargin=-52.36449pt
* \headheight=12.0pt
* \headsep=25.0pt
* \topskip=11.0pt
* \footskip=30.0pt
* \marginparwidth=50.0pt
* \marginparsep=10.0pt
* \columnsep=10.0pt
* \skip\footins=10.0pt plus 4.0pt minus 2.0pt
* \hoffset=0.0pt
* \voffset=0.0pt
* \mag=1000
* \@twocolumnfalse
* \@twosidefalse
* \@mparswitchfalse
* \@reversemarginfalse
* (1in=72.27pt=25.4mm, 1cm=28.453pt)

\c@lstlisting=\count291
Package hyperref Info: Link coloring OFF on input line 46.
(/usr/share/texlive/texmf-dist/tex/latex/hyperref/nameref.sty
Package: nameref 2019/09/16 v2.46 Cross-referencing by name of section

(/usr/share/texlive/texmf-dist/tex/latex/refcount/refcount.sty
Package: refcount 2019/12/15 v3.6 Data extraction from label references (HO)
)
(/usr/share/texlive/texmf-dist/tex/generic/gettitlestring/gettitlestring.sty
Package: gettitlestring 2019/12/15 v1.6 Cleanup title references (HO)
)
\c@section@level=\count292
)
LaTeX Info: Redefining \ref on input line 46.
LaTeX Info: Redefining \pageref on input line 46.
LaTeX Info: Redefining \nameref on input line 46.

(./rapport_S2_S3.out) (./rapport_S2_S3.out)
\@outlinefile=\write4
\openout4 = `rapport_S2_S3.out'.

Package caption Info: Begin \AtBeginDocument code.
Package caption Info: End \AtBeginDocument code.
<../../../logo/IUTlogo.png, id=92, 1284.8pt x 642.4pt>
File: ../../../logo/IUTlogo.png Graphic file (type png)
<use ../../../logo/IUTlogo.png>
Package pdftex.def Info: ../../../logo/IUTlogo.png  used on input line 48.
(pdftex.def)             Requested size: 113.81102pt x 56.90189pt.
<../../../logo/UMlogo.png, id=94, 105.2733pt x 107.4414pt>
File: ../../../logo/UMlogo.png Graphic file (type png)
<use ../../../logo/UMlogo.png>
Package pdftex.def Info: ../../../logo/UMlogo.png  used on input line 48.
(pdftex.def)             Requested size: 113.81102pt x 116.16284pt.
LaTeX Font Info:    External font `cmex10' loaded for size
(Font)              <12> on input line 48.
LaTeX Font Info:    External font `cmex10' loaded for size
(Font)              <8> on input line 48.
LaTeX Font Info:    External font `cmex10' loaded for size
(Font)              <6> on input line 48.
<../../../logo/LIRMMlogo.png, id=95, 1097.60063pt x 364.36125pt>
File: ../../../logo/LIRMMlogo.png Graphic file (type png)
<use ../../../logo/LIRMMlogo.png>
Package pdftex.def Info: ../../../logo/LIRMMlogo.png  used on input line 48.
(pdftex.def)             Requested size: 113.81102pt x 37.77814pt.
<../../../logo/IBMMlogo.jpg, id=96, 175.6161pt x 75.4017pt>
File: ../../../logo/IBMMlogo.jpg Graphic file (type jpg)
<use ../../../logo/IBMMlogo.jpg>
Package pdftex.def Info: ../../../logo/IBMMlogo.jpg  used on input line 49.
(pdftex.def)             Requested size: 113.81102pt x 48.8667pt.

Overfull \hbox (149.52858pt too wide) in paragraph at lines 48--50
[][]   []   
 []

[1

{/var/lib/texmf/fonts/map/pdftex/updmap/pdftex.map} <../../../logo/IUTlogo.png>
 <../../../logo/UMlogo.png> <../../../logo/LIRMMlogo.png> <../../../logo/IBMMLo
go.jpg>] (./rapport_S2_S3.toc
LaTeX Font Info:    External font `cmex10' loaded for size
(Font)              <10.95> on input line 4.
)
\tf@toc=\write5
\openout5 = `rapport_S2_S3.toc'.

<../../../logo/SBLlogo.png, id=130, 393.1488pt x 274.98735pt>
File: ../../../logo/SBLlogo.png Graphic file (type png)
<use ../../../logo/SBLlogo.png>
Package pdftex.def Info: ../../../logo/SBLlogo.png  used on input line 52.
(pdftex.def)             Requested size: 28.45274pt x 19.89725pt.


Package fancyhdr Warning: \headheight is too small (12.0pt): 
(fancyhdr)                Make it at least 23.97728pt, for example:
(fancyhdr)                \setlength{\headheight}{23.97728pt}.
(fancyhdr)                You might also make \topmargin smaller to compensate:

(fancyhdr)                \addtolength{\topmargin}{-11.97728pt}.

[2 <../../../logo/SBLlogo.png>]
File: ../../../logo/SBLlogo.png Graphic file (type png)
<use ../../../logo/SBLlogo.png>
Package pdftex.def Info: ../../../logo/SBLlogo.png  used on input line 60.
(pdftex.def)             Requested size: 28.45274pt x 19.89725pt.


Package fancyhdr Warning: \headheight is too small (12.0pt): 
(fancyhdr)                Make it at least 23.97728pt, for example:
(fancyhdr)                \setlength{\headheight}{23.97728pt}.
(fancyhdr)                You might also make \topmargin smaller to compensate:

(fancyhdr)                \addtolength{\topmargin}{-11.97728pt}.

[3]
Underfull \hbox (badness 10000) in paragraph at lines 70--81

 []


Underfull \hbox (badness 10000) in paragraph at lines 70--81

 []


Overfull \hbox (14.06104pt too wide) in paragraph at lines 70--81
[] 
 []


Underfull \hbox (badness 10000) in paragraph at lines 70--81

 []


Underfull \hbox (badness 10000) in paragraph at lines 70--81

 []

File: ../../../logo/SBLlogo.png Graphic file (type png)
<use ../../../logo/SBLlogo.png>
Package pdftex.def Info: ../../../logo/SBLlogo.png  used on input line 82.
(pdftex.def)             Requested size: 28.45274pt x 19.89725pt.

Package fancyhdr Warning: \headheight is too small (12.0pt): 
(fancyhdr)                Make it at least 23.97728pt, for example:
(fancyhdr)                \setlength{\headheight}{23.97728pt}.
(fancyhdr)                You might also make \topmargin smaller to compensate:

(fancyhdr)                \addtolength{\topmargin}{-11.97728pt}.

[4]
Underfull \hbox (badness 10000) in paragraph at lines 90--96

 []


Underfull \hbox (badness 10000) in paragraph at lines 90--96

 []

File: ../../../logo/SBLlogo.png Graphic file (type png)
<use ../../../logo/SBLlogo.png>
Package pdftex.def Info: ../../../logo/SBLlogo.png  used on input line 99.
(pdftex.def)             Requested size: 28.45274pt x 19.89725pt.

Package fancyhdr Warning: \headheight is too small (12.0pt): 
(fancyhdr)                Make it at least 23.97728pt, for example:
(fancyhdr)                \setlength{\headheight}{23.97728pt}.
(fancyhdr)                You might also make \topmargin smaller to compensate:

(fancyhdr)                \addtolength{\topmargin}{-11.97728pt}.

[5]
<../img/instrumentation3aop_bb.png, id=159, 469.755pt x 170.236pt>
File: ../img/instrumentation3aop_bb.png Graphic file (type png)
<use ../img/instrumentation3aop_bb.png>
Package pdftex.def Info: ../img/instrumentation3aop_bb.png  used on input line 
114.
(pdftex.def)             Requested size: 469.75386pt x 170.23557pt.


Package caption Warning: The option `hypcap=true' will be ignored for this
(caption)                particular \caption on input line 115.
See the caption package documentation for explanation.


Underfull \hbox (badness 10000) in paragraph at lines 120--122

 []

<../img/instrumentation2aop_bb.png, id=161, 561.297pt x 208.78pt>
File: ../img/instrumentation2aop_bb.png Graphic file (type png)
<use ../img/instrumentation2aop_bb.png>
Package pdftex.def Info: ../img/instrumentation2aop_bb.png  used on input line 
124.
(pdftex.def)             Requested size: 449.03821pt x 167.0242pt.

Package caption Warning: The option `hypcap=true' will be ignored for this
(caption)                particular \caption on input line 125.
See the caption package documentation for explanation.

File: ../../../logo/SBLlogo.png Graphic file (type png)
<use ../../../logo/SBLlogo.png>
Package pdftex.def Info: ../../../logo/SBLlogo.png  used on input line 130.
(pdftex.def)             Requested size: 28.45274pt x 19.89725pt.

Package fancyhdr Warning: \headheight is too small (12.0pt): 
(fancyhdr)                Make it at least 23.97728pt, for example:
(fancyhdr)                \setlength{\headheight}{23.97728pt}.
(fancyhdr)                You might also make \topmargin smaller to compensate:

(fancyhdr)                \addtolength{\topmargin}{-11.97728pt}.

[6 <../img/instrumentation3aop_bb.png> <../img/instrumentation2aop_bb.png>]
Underfull \hbox (badness 10000) in paragraph at lines 132--135

 []

<../img/mtgfinal.png, id=174, 539.616pt x 170.236pt>
File: ../img/mtgfinal.png Graphic file (type png)
<use ../img/mtgfinal.png>
Package pdftex.def Info: ../img/mtgfinal.png  used on input line 136.
(pdftex.def)             Requested size: 458.67577pt x 144.70126pt.

Package caption Warning: The option `hypcap=true' will be ignored for this
(caption)                particular \caption on input line 137.
See the caption package documentation for explanation.

<../img/plat.jpg, id=178, 741.23077pt x 472.53462pt>
File: ../img/plat.jpg Graphic file (type jpg)
<use ../img/plat.jpg>
Package pdftex.def Info: ../img/plat.jpg  used on input line 149.
(pdftex.def)             Requested size: 370.61447pt x 236.26672pt.

Package caption Warning: The option `hypcap=true' will be ignored for this
(caption)                particular \caption on input line 150.
See the caption package documentation for explanation.

<../img/frotment.jpg, id=179, 741.23077pt x 472.53462pt>
File: ../img/frotment.jpg Graphic file (type jpg)
<use ../img/frotment.jpg>
Package pdftex.def Info: ../img/frotment.jpg  used on input line 155.
(pdftex.def)             Requested size: 370.61447pt x 236.26672pt.

Package caption Warning: The option `hypcap=true' will be ignored for this
(caption)                particular \caption on input line 156.
See the caption package documentation for explanation.

File: ../../../logo/SBLlogo.png Graphic file (type png)
<use ../../../logo/SBLlogo.png>
Package pdftex.def Info: ../../../logo/SBLlogo.png  used on input line 156.
(pdftex.def)             Requested size: 28.45274pt x 19.89725pt.

Package fancyhdr Warning: \headheight is too small (12.0pt): 
(fancyhdr)                Make it at least 23.97728pt, for example:
(fancyhdr)                \setlength{\headheight}{23.97728pt}.
(fancyhdr)                You might also make \topmargin smaller to compensate:

(fancyhdr)                \addtolength{\topmargin}{-11.97728pt}.

[7 <../img/mtgfinal.png> <../img/plat.jpg>]
<../img/froty.jpg, id=191, 4015.0pt x 2258.4375pt>
File: ../img/froty.jpg Graphic file (type jpg)
<use ../img/froty.jpg>
Package pdftex.def Info: ../img/froty.jpg  used on input line 161.
(pdftex.def)             Requested size: 401.52353pt x 225.85698pt.


Package caption Warning: The option `hypcap=true' will be ignored for this
(caption)                particular \caption on input line 162.
See the caption package documentation for explanation.

File: ../../../logo/SBLlogo.png Graphic file (type png)
<use ../../../logo/SBLlogo.png>
Package pdftex.def Info: ../../../logo/SBLlogo.png  used on input line 170.
(pdftex.def)             Requested size: 28.45274pt x 19.89725pt.

Package fancyhdr Warning: \headheight is too small (12.0pt): 
(fancyhdr)                Make it at least 23.97728pt, for example:
(fancyhdr)                \setlength{\headheight}{23.97728pt}.
(fancyhdr)                You might also make \topmargin smaller to compensate:

(fancyhdr)                \addtolength{\topmargin}{-11.97728pt}.

[8 <../img/frotment.jpg> <../img/froty.jpg>]
<../img/notioncalender.png, id=197, 1252.68pt x 656.4525pt>
File: ../img/notioncalender.png Graphic file (type png)
<use ../img/notioncalender.png>
Package pdftex.def Info: ../img/notioncalender.png  used on input line 180.
(pdftex.def)             Requested size: 438.44456pt x 229.76181pt.


Package caption Warning: The option `hypcap=true' will be ignored for this
(caption)                particular \caption on input line 181.
See the caption package documentation for explanation.

<../img/notionlistesdestaches.png, id=198, 1183.42125pt x 523.9575pt>
File: ../img/notionlistesdestaches.png Graphic file (type png)
<use ../img/notionlistesdestaches.png>
Package pdftex.def Info: ../img/notionlistesdestaches.png  used on input line 1
88.
(pdftex.def)             Requested size: 414.20364pt x 183.38786pt.

Package caption Warning: The option `hypcap=true' will be ignored for this
(caption)                particular \caption on input line 189.
See the caption package documentation for explanation.

File: ../../../logo/SBLlogo.png Graphic file (type png)
<use ../../../logo/SBLlogo.png>
Package pdftex.def Info: ../../../logo/SBLlogo.png  used on input line 191.
(pdftex.def)             Requested size: 28.45274pt x 19.89725pt.

Package fancyhdr Warning: \headheight is too small (12.0pt): 
(fancyhdr)                Make it at least 23.97728pt, for example:
(fancyhdr)                \setlength{\headheight}{23.97728pt}.
(fancyhdr)                You might also make \topmargin smaller to compensate:

(fancyhdr)                \addtolength{\topmargin}{-11.97728pt}.

[9 <../img/notioncalender.png (PNG copy)> <../img/notionlistesdestaches.png (PN
G copy)>]
<../img/notiondescriptiondestaches.png, id=205, 1200.73593pt x 569.12625pt>
File: ../img/notiondescriptiondestaches.png Graphic file (type png)
<use ../img/notiondescriptiondestaches.png>
Package pdftex.def Info: ../img/notiondescriptiondestaches.png  used on input l
ine 196.
(pdftex.def)             Requested size: 420.26387pt x 199.19717pt.


Package caption Warning: The option `hypcap=true' will be ignored for this
(caption)                particular \caption on input line 197.
See the caption package documentation for explanation.

<../img/notiongantt.png, id=206, 1206.00563pt x 694.09312pt>
File: ../img/notiongantt.png Graphic file (type png)
<use ../img/notiongantt.png>
Package pdftex.def Info: ../img/notiongantt.png  used on input line 204.
(pdftex.def)             Requested size: 422.10829pt x 242.93623pt.

Package caption Warning: The option `hypcap=true' will be ignored for this
(caption)                particular \caption on input line 205.
See the caption package documentation for explanation.

File: ../../../logo/SBLlogo.png Graphic file (type png)
<use ../../../logo/SBLlogo.png>
Package pdftex.def Info: ../../../logo/SBLlogo.png  used on input line 208.
(pdftex.def)             Requested size: 28.45274pt x 19.89725pt.

Package fancyhdr Warning: \headheight is too small (12.0pt): 
(fancyhdr)                Make it at least 23.97728pt, for example:
(fancyhdr)                \setlength{\headheight}{23.97728pt}.
(fancyhdr)                You might also make \topmargin smaller to compensate:

(fancyhdr)                \addtolength{\topmargin}{-11.97728pt}.

[10 <../img/notiondescriptiondestaches.png (PNG copy)> <../img/notiongantt.png 
(PNG copy)>]
Underfull \hbox (badness 10000) in paragraph at lines 211--218

 []

File: ../../../logo/SBLlogo.png Graphic file (type png)
<use ../../../logo/SBLlogo.png>
Package pdftex.def Info: ../../../logo/SBLlogo.png  used on input line 218.
(pdftex.def)             Requested size: 28.45274pt x 19.89725pt.

Package fancyhdr Warning: \headheight is too small (12.0pt): 
(fancyhdr)                Make it at least 23.97728pt, for example:
(fancyhdr)                \setlength{\headheight}{23.97728pt}.
(fancyhdr)                You might also make \topmargin smaller to compensate:

(fancyhdr)                \addtolength{\topmargin}{-11.97728pt}.

[11] (./rapport_S2_S3.lof)
\tf@lof=\write6
\openout6 = `rapport_S2_S3.lof'.

 
AED: lastpage setting LastPage
File: ../../../logo/SBLlogo.png Graphic file (type png)
<use ../../../logo/SBLlogo.png>
Package pdftex.def Info: ../../../logo/SBLlogo.png  used on input line 220.
(pdftex.def)             Requested size: 28.45274pt x 19.89725pt.

Package fancyhdr Warning: \headheight is too small (12.0pt): 
(fancyhdr)                Make it at least 23.97728pt, for example:
(fancyhdr)                \setlength{\headheight}{23.97728pt}.
(fancyhdr)                You might also make \topmargin smaller to compensate:

(fancyhdr)                \addtolength{\topmargin}{-11.97728pt}.

[12] (./rapport_S2_S3.aux)
Package rerunfilecheck Info: File `rapport_S2_S3.out' has not changed.
(rerunfilecheck)             Checksum: 00A5EF5C0321BD1E800997624650E85F;1405.
 ) 
Here is how much of TeX's memory you used:
 10981 strings out of 479304
 169033 string characters out of 5869780
 514846 words of memory out of 5000000
 27948 multiletter control sequences out of 15000+600000
 413924 words of font info for 48 fonts, out of 8000000 for 9000
 1141 hyphenation exceptions out of 8191
 71i,16n,74p,480b,535s stack positions out of 5000i,500n,10000p,200000b,80000s
{/usr/share/texmf/fonts/enc/dvips/cm-super/cm-super-t1.enc}</usr/share/texmf/
fonts/type1/public/cm-super/sfbx1095.pfb></usr/share/texmf/fonts/type1/public/c
m-super/sfbx1200.pfb></usr/share/texmf/fonts/type1/public/cm-super/sfbx1440.pfb
></usr/share/texmf/fonts/type1/public/cm-super/sfcc1095.pfb></usr/share/texmf/f
onts/type1/public/cm-super/sfrm1000.pfb></usr/share/texmf/fonts/type1/public/cm
-super/sfrm1095.pfb></usr/share/texmf/fonts/type1/public/cm-super/sfrm1200.pfb>
</usr/share/texmf/fonts/type1/public/cm-super/sfrm1728.pfb>
Output written on rapport_S2_S3.pdf (12 pages, 4523913 bytes).
PDF statistics:
 277 PDF objects out of 1000 (max. 8388607)
 230 compressed objects within 3 object streams
 47 named destinations out of 1000 (max. 500000)
 252 words of extra memory for PDF output out of 10000 (max. 10000000)

