\BOOKMARK [1][-]{section.1}{Introduction}{}% 1
\BOOKMARK [1][-]{section.2}{Recherche}{}% 2
\BOOKMARK [2][-]{subsection.2.1}{AOP}{section.2}% 3
\BOOKMARK [2][-]{subsection.2.2}{Fr\351quence et pi\351zo-\351lectrique}{section.2}% 4
\BOOKMARK [1][-]{section.3}{Simulation}{}% 5
\BOOKMARK [2][-]{subsection.3.1}{ngspice}{section.3}% 6
\BOOKMARK [2][-]{subsection.3.2}{Apprentissage du logiciel}{section.3}% 7
\BOOKMARK [2][-]{subsection.3.3}{Etat actuel}{section.3}% 8
\BOOKMARK [1][-]{section.4}{Capteurs de vibration}{}% 9
\BOOKMARK [2][-]{subsection.4.1}{Montage}{section.4}% 10
\BOOKMARK [3][-]{subsubsection.4.1.1}{Rappel}{subsection.4.1}% 11
\BOOKMARK [3][-]{subsubsection.4.1.2}{Amplificateur de mesure}{subsection.4.1}% 12
\BOOKMARK [3][-]{subsubsection.4.1.3}{Montage actuel}{subsection.4.1}% 13
\BOOKMARK [3][-]{subsubsection.4.1.4}{R\351sultat}{subsection.4.1}% 14
\BOOKMARK [3][-]{subsubsection.4.1.5}{Conclusion}{subsection.4.1}% 15
\BOOKMARK [1][-]{section.5}{Gestion}{}% 16
\BOOKMARK [2][-]{subsection.5.1}{Organisation de l'espace }{section.5}% 17
\BOOKMARK [3][-]{subsubsection.5.1.1}{Calendrier}{subsection.5.1}% 18
\BOOKMARK [3][-]{subsubsection.5.1.2}{Liste des t\342ches}{subsection.5.1}% 19
\BOOKMARK [3][-]{subsubsection.5.1.3}{Description des t\342ches}{subsection.5.1}% 20
\BOOKMARK [3][-]{subsubsection.5.1.4}{Gantt}{subsection.5.1}% 21
\BOOKMARK [1][-]{section.6}{Conclusion}{}% 22
